[    0.000000] Initializing cgroup subsys cpuset
[    0.000000] Initializing cgroup subsys cpu
[    0.000000] Initializing cgroup subsys cpuacct
[    0.000000] Linux version 4.4.0-131-generic (buildd@lgw01-amd64-015) (gcc version 5.4.0 20160609 (Ubuntu 5.4.0-6ubuntu1~16.04.10) ) #157-Ubuntu SMP Thu Jul 12 15:51:36 UTC 2018 (Ubuntu 4.4.0-131.157-generic 4.4.134)
[    0.000000] Command line: BOOT_IMAGE=/boot/vmlinuz-4.4.0-131-generic root=LABEL=cloudimg-rootfs ro console=tty1 console=ttyS0
[    0.000000] KERNEL supported cpus:
[    0.000000]   Intel GenuineIntel
[    0.000000]   AMD AuthenticAMD
[    0.000000]   Centaur CentaurHauls
[    0.000000] x86/fpu: xstate_offset[2]:  576, xstate_sizes[2]:  256
[    0.000000] x86/fpu: Supporting XSAVE feature 0x01: 'x87 floating point registers'
[    0.000000] x86/fpu: Supporting XSAVE feature 0x02: 'SSE registers'
[    0.000000] x86/fpu: Supporting XSAVE feature 0x04: 'AVX registers'
[    0.000000] x86/fpu: Enabled xstate features 0x7, context size is 832 bytes, using 'standard' format.
[    0.000000] x86/fpu: Using 'eager' FPU context switches.
[    0.000000] e820: BIOS-provided physical RAM map:
[    0.000000] BIOS-e820: [mem 0x0000000000000000-0x000000000009fbff] usable
[    0.000000] BIOS-e820: [mem 0x000000000009fc00-0x000000000009ffff] reserved
[    0.000000] BIOS-e820: [mem 0x00000000000f0000-0x00000000000fffff] reserved
[    0.000000] BIOS-e820: [mem 0x0000000000100000-0x000000003ffeffff] usable
[    0.000000] BIOS-e820: [mem 0x000000003fff0000-0x000000003fffffff] ACPI data
[    0.000000] BIOS-e820: [mem 0x00000000fec00000-0x00000000fec00fff] reserved
[    0.000000] BIOS-e820: [mem 0x00000000fee00000-0x00000000fee00fff] reserved
[    0.000000] BIOS-e820: [mem 0x00000000fffc0000-0x00000000ffffffff] reserved
[    0.000000] NX (Execute Disable) protection: active
[    0.000000] SMBIOS 2.5 present.
[    0.000000] Hypervisor detected: KVM
[    0.000000] e820: last_pfn = 0x3fff0 max_arch_pfn = 0x400000000
[    0.000000] MTRR: Disabled
[    0.000000] x86/PAT: MTRRs disabled, skipping PAT initialization too.
[    0.000000] CPU MTRRs all blank - virtualized system.
[    0.000000] x86/PAT: Configuration [0-7]: WB  WT  UC- UC  WB  WT  UC- UC  
[    0.000000] found SMP MP-table at [mem 0x0009fff0-0x0009ffff] mapped at [ffff88000009fff0]
[    0.000000] Scanning 1 areas for low memory corruption
[    0.000000] RAMDISK: [mem 0x3630c000-0x3717dfff]
[    0.000000] ACPI: Early table checksum verification disabled
[    0.000000] ACPI: RSDP 0x00000000000E0000 000024 (v02 VBOX  )
[    0.000000] ACPI: XSDT 0x000000003FFF0030 00003C (v01 VBOX   VBOXXSDT 00000001 ASL  00000061)
[    0.000000] ACPI: FACP 0x000000003FFF00F0 0000F4 (v04 VBOX   VBOXFACP 00000001 ASL  00000061)
[    0.000000] ACPI: DSDT 0x000000003FFF0470 0021FF (v02 VBOX   VBOXBIOS 00000002 INTL 20160108)
[    0.000000] ACPI: FACS 0x000000003FFF0200 000040
[    0.000000] ACPI: FACS 0x000000003FFF0200 000040
[    0.000000] ACPI: APIC 0x000000003FFF0240 00005C (v02 VBOX   VBOXAPIC 00000001 ASL  00000061)
[    0.000000] ACPI: SSDT 0x000000003FFF02A0 0001CC (v01 VBOX   VBOXCPUT 00000002 INTL 20160108)
[    0.000000] No NUMA configuration found
[    0.000000] Faking a node at [mem 0x0000000000000000-0x000000003ffeffff]
[    0.000000] NODE_DATA(0) allocated [mem 0x3ffeb000-0x3ffeffff]
[    0.000000] kvm-clock: Using msrs 4b564d01 and 4b564d00
[    0.000000] kvm-clock: cpu 0, msr 0:3ffe3001, primary cpu clock
[    0.000000] kvm-clock: using sched offset of 4220687170 cycles
[    0.000000] clocksource: kvm-clock: mask: 0xffffffffffffffff max_cycles: 0x1cd42e4dffb, max_idle_ns: 881590591483 ns
[    0.000000] Zone ranges:
[    0.000000]   DMA      [mem 0x0000000000001000-0x0000000000ffffff]
[    0.000000]   DMA32    [mem 0x0000000001000000-0x000000003ffeffff]
[    0.000000]   Normal   empty
[    0.000000]   Device   empty
[    0.000000] Movable zone start for each node
[    0.000000] Early memory node ranges
[    0.000000]   node   0: [mem 0x0000000000001000-0x000000000009efff]
[    0.000000]   node   0: [mem 0x0000000000100000-0x000000003ffeffff]
[    0.000000] Initmem setup node 0 [mem 0x0000000000001000-0x000000003ffeffff]
[    0.000000] ACPI: PM-Timer IO Port: 0x4008
[    0.000000] IOAPIC[0]: apic_id 2, version 32, address 0xfec00000, GSI 0-23
[    0.000000] ACPI: INT_SRC_OVR (bus 0 bus_irq 0 global_irq 2 dfl dfl)
[    0.000000] ACPI: INT_SRC_OVR (bus 0 bus_irq 9 global_irq 9 low level)
[    0.000000] Using ACPI (MADT) for SMP configuration information
[    0.000000] smpboot: Allowing 2 CPUs, 0 hotplug CPUs
[    0.000000] PM: Registered nosave memory: [mem 0x00000000-0x00000fff]
[    0.000000] PM: Registered nosave memory: [mem 0x0009f000-0x0009ffff]
[    0.000000] PM: Registered nosave memory: [mem 0x000a0000-0x000effff]
[    0.000000] PM: Registered nosave memory: [mem 0x000f0000-0x000fffff]
[    0.000000] e820: [mem 0x40000000-0xfebfffff] available for PCI devices
[    0.000000] Booting paravirtualized kernel on KVM
[    0.000000] clocksource: refined-jiffies: mask: 0xffffffff max_cycles: 0xffffffff, max_idle_ns: 7645519600211568 ns
[    0.000000] setup_percpu: NR_CPUS:512 nr_cpumask_bits:512 nr_cpu_ids:2 nr_node_ids:1
[    0.000000] PERCPU: Embedded 34 pages/cpu @ffff88003fc00000 s99544 r8192 d31528 u1048576
[    0.000000] PV qspinlock hash table entries: 256 (order: 0, 4096 bytes)
[    0.000000] Built 1 zonelists in Node order, mobility grouping on.  Total pages: 257912
[    0.000000] Policy zone: DMA32
[    0.000000] Kernel command line: BOOT_IMAGE=/boot/vmlinuz-4.4.0-131-generic root=LABEL=cloudimg-rootfs ro console=tty1 console=ttyS0
[    0.000000] PID hash table entries: 4096 (order: 3, 32768 bytes)
[    0.000000] Memory: 997724K/1048120K available (8546K kernel code, 1313K rwdata, 4000K rodata, 1516K init, 1316K bss, 50396K reserved, 0K cma-reserved)
[    0.000000] SLUB: HWalign=64, Order=0-3, MinObjects=0, CPUs=2, Nodes=1
[    0.000000] Kernel/User page tables isolation: enabled
[    0.000000] Hierarchical RCU implementation.
[    0.000000] 	Build-time adjustment of leaf fanout to 64.
[    0.000000] 	RCU restricting CPUs from NR_CPUS=512 to nr_cpu_ids=2.
[    0.000000] RCU: Adjusting geometry for rcu_fanout_leaf=64, nr_cpu_ids=2
[    0.000000] NR_IRQS:33024 nr_irqs:440 16
[    0.000000] Console: colour VGA+ 80x25
[    0.000000] console [tty1] enabled
[    0.000000] console [ttyS0] enabled
[    0.000000] tsc: Detected 2200.014 MHz processor
[    0.680358] Calibrating delay loop (skipped) preset value.. 4400.02 BogoMIPS (lpj=8800056)
[    0.683179] pid_max: default: 32768 minimum: 301
[    0.684799] ACPI: Core revision 20150930
[    0.687968] ACPI: 2 ACPI AML tables successfully acquired and loaded
[    0.690177] Security Framework initialized
[    0.691616] Yama: becoming mindful.
[    0.692891] AppArmor: AppArmor initialized
[    0.694445] Dentry cache hash table entries: 131072 (order: 8, 1048576 bytes)
[    0.697748] Inode-cache hash table entries: 65536 (order: 7, 524288 bytes)
[    0.700000] Mount-cache hash table entries: 2048 (order: 2, 16384 bytes)
[    0.707353] Mountpoint-cache hash table entries: 2048 (order: 2, 16384 bytes)
[    0.715609] Initializing cgroup subsys io
[    0.717020] Initializing cgroup subsys memory
[    0.718497] Initializing cgroup subsys devices
[    0.720060] Initializing cgroup subsys freezer
[    0.721565] Initializing cgroup subsys net_cls
[    0.723158] Initializing cgroup subsys perf_event
[    0.724691] Initializing cgroup subsys net_prio
[    0.726208] Initializing cgroup subsys hugetlb
[    0.728066] Initializing cgroup subsys pids
[    0.729885] CPU: Physical Processor ID: 0
[    0.731311] CPU: Processor Core ID: 0
[    0.732770] mce: CPU supports 0 MCE banks
[    0.734355] Last level iTLB entries: 4KB 512, 2MB 8, 4MB 8
[    0.736183] Last level dTLB entries: 4KB 512, 2MB 32, 4MB 32, 1GB 0
[    0.738410] Spectre V2 : Mitigation: Full generic retpoline
[    0.740310] Spectre V2 : Speculation control IBPB not-supported IBRS not-supported
[    0.742914] Speculative Store Bypass: Vulnerable
[    0.750487] Freeing SMP alternatives memory: 32K
[    0.768898] ftrace: allocating 32245 entries in 126 pages
[    0.884295] smpboot: APIC(0) Converting physical 0 to logical package 0
[    0.895057] smpboot: Max logical packages: 1
[    0.896963] x2apic enabled
[    0.898471] Switched APIC routing to physical x2apic.
[    0.902100] ..TIMER: vector=0x30 apic1=0 pin1=2 apic2=-1 pin2=-1
[    1.010813] smpboot: CPU0: Intel(R) Core(TM) i7-2720QM CPU @ 2.20GHz (family: 0x6, model: 0x2a, stepping: 0x7)
[    1.019677] Performance Events: unsupported p6 CPU model 42 no PMU driver, software events only.
[    1.022770] KVM setup paravirtual spinlock
[    1.025349] x86: Booting SMP configuration:
[    1.026799] .... node  #0, CPUs:      #1
[    1.028349] kvm-clock: cpu 1, msr 0:3ffe3041, secondary cpu clock
[    1.030392] mce: CPU supports 0 MCE banks
[    1.033654] x86: Booted up 1 node, 2 CPUs
[    1.035407] smpboot: Total of 2 processors activated (8800.05 BogoMIPS)
[    1.038054] devtmpfs: initialized
[    1.043501] evm: security.selinux
[    1.044722] evm: security.SMACK64
[    1.045969] evm: security.SMACK64EXEC
[    1.047310] evm: security.SMACK64TRANSMUTE
[    1.074562] evm: security.SMACK64MMAP
[    1.086406] evm: security.ima
[    1.087546] evm: security.capability
[    1.089309] clocksource: jiffies: mask: 0xffffffff max_cycles: 0xffffffff, max_idle_ns: 7645041785100000 ns
[    1.093615] futex hash table entries: 512 (order: 3, 32768 bytes)
[    1.106356] pinctrl core: initialized pinctrl subsystem
[    1.114626] RTC time: 18:38:50, date: 08/08/18
[    1.116479] NET: Registered protocol family 16
[    1.163403] cpuidle: using governor ladder
[    1.187138] cpuidle: using governor menu
[    1.188564] PCCT header not found.
[    1.195714] ACPI: bus type PCI registered
[    1.197788] acpiphp: ACPI Hot Plug PCI Controller Driver version: 0.5
[    1.203062] PCI: Using configuration type 1 for base access
[    1.224967] ACPI: Added _OSI(Module Device)
[    1.228498] ACPI: Added _OSI(Processor Device)
[    1.230883] ACPI: Added _OSI(3.0 _SCP Extensions)
[    1.233317] ACPI: Added _OSI(Processor Aggregator Device)
[    1.236416] ACPI: Executed 1 blocks of module-level executable AML code
[    1.305831] ACPI: Interpreter enabled
[    1.334312] ACPI: (supports S0 S5)
[    1.335614] ACPI: Using IOAPIC for interrupt routing
[    1.337528] PCI: Using host bridge windows from ACPI; if necessary, use "pci=nocrs" and report a bug
[    1.346855] ACPI: PCI Root Bridge [PCI0] (domain 0000 [bus 00-ff])
[    1.348731] acpi PNP0A03:00: _OSC: OS supports [ASPM ClockPM Segments MSI]
[    1.350762] acpi PNP0A03:00: _OSC: not requesting OS control; OS requires [ExtendedConfig ASPM ClockPM MSI]
[    1.353813] acpi PNP0A03:00: fail to add MMCONFIG information, can't access extended PCI configuration space under this bridge.
[    1.357727] PCI host bridge to bus 0000:00
[    1.359128] pci_bus 0000:00: root bus resource [io  0x0000-0x0cf7 window]
[    1.361137] pci_bus 0000:00: root bus resource [io  0x0d00-0xffff window]
[    1.363263] pci_bus 0000:00: root bus resource [mem 0x000a0000-0x000bffff window]
[    1.365807] pci_bus 0000:00: root bus resource [mem 0x40000000-0xfdffffff window]
[    1.368356] pci_bus 0000:00: root bus resource [bus 00-ff]
[    1.372879] pci 0000:00:01.1: legacy IDE quirk: reg 0x10: [io  0x01f0-0x01f7]
[    1.375025] pci 0000:00:01.1: legacy IDE quirk: reg 0x14: [io  0x03f6]
[    1.376973] pci 0000:00:01.1: legacy IDE quirk: reg 0x18: [io  0x0170-0x0177]
[    1.395873] pci 0000:00:01.1: legacy IDE quirk: reg 0x1c: [io  0x0376]
[    1.432275] pci 0000:00:07.0: quirk: [io  0x4000-0x403f] claimed by PIIX4 ACPI
[    1.435280] pci 0000:00:07.0: quirk: [io  0x4100-0x410f] claimed by PIIX4 SMB
[    1.456816] ACPI: PCI Interrupt Link [LNKA] (IRQs 5 9 10 *11)
[    1.516809] ACPI: PCI Interrupt Link [LNKB] (IRQs 5 9 *10 11)
[    1.539207] ACPI: PCI Interrupt Link [LNKC] (IRQs 5 *9 10 11)
[    1.570802] ACPI: PCI Interrupt Link [LNKD] (IRQs 5 9 10 *11)
[    1.668341] ACPI: Enabled 2 GPEs in block 00 to 07
[    1.679186] vgaarb: setting as boot device: PCI:0000:00:02.0
[    1.681595] vgaarb: device added: PCI:0000:00:02.0,decodes=io+mem,owns=io+mem,locks=none
[    1.685431] vgaarb: loaded
[    1.686871] vgaarb: bridge control possible 0000:00:02.0
[    1.689103] SCSI subsystem initialized
[    1.690896] ACPI: bus type USB registered
[    1.693068] usbcore: registered new interface driver usbfs
[    1.695076] usbcore: registered new interface driver hub
[    1.696769] usbcore: registered new device driver usb
[    1.699779] PCI: Using ACPI for IRQ routing
[    1.701728] NetLabel: Initializing
[    1.702978] NetLabel:  domain hash size = 128
[    1.704422] NetLabel:  protocols = UNLABELED CIPSOv4
[    1.706320] NetLabel:  unlabeled traffic allowed by default
[    1.708478] amd_nb: Cannot enumerate AMD northbridges
[    1.710193] clocksource: Switched to clocksource kvm-clock
[    1.724604] AppArmor: AppArmor Filesystem Enabled
[    1.731663] pnp: PnP ACPI init
[    1.734973] pnp: PnP ACPI: found 3 devices
[    1.792337] clocksource: acpi_pm: mask: 0xffffff max_cycles: 0xffffff, max_idle_ns: 2080124s[  20922] NET: Registered protocol family 2
[    2.294353] TCP established hash table entries: 8192 (order: 4, 65536 bytes)
[  2241]CPbind hash table entries: 8192 (order: 5, 131072 bytes)
[    2.774841] TCP: Hash tables configured (established 8192 bind 8192)
[    2.776766] UDP hash table entries: 512 (order: 2, 16384 bytes)
[    2.778567] UDP-Lite hash table entries: 512 (order: 2, 16384 bytes)
[    2.780568] NET: Registered protocol family 1
[    2.782117] pci 0000:00:00.0: Limiting direct PCI/PCI transfers
[    2.783995] pci 0000:00:01.0: Activating ISA DMA hang workarods[  2301]npki itrfs.
[    4.028419] Freeing initrd memory: 14792K
[    4.035001] RAPL PMU detected, API unit is 2^-32 Joules, 3 fixed counters 10737418240 ms ovfl timer
[    4.194967] hw unit of domain pp0-core 2^-0 Joules
[    4.203612] hw unit of domain package 2^-0 Joules
[    4.205155] hw unit of domain pp1-gpu 2^-0 Joules
[    4.206910] platform rtc_cmos: registered platform RTC device (no PNP device found)
[    4.209523] Scanning for low memory corruption every 60 seconds
[    4.265067] audit: initializing netlink subsys (disabled)
[    4.266869] audit: type=2000 audit(1533753537.935:1): initialized
[    4.284763] Initialise system trusted keyring
[    4.286728] HugeTLB registered 2 MB page size, pre-allocated 0 pages
[    4.291113] zbud: loaded
[    4.295044] VFS: Disk quotas dquot_6.6.0
[    4.296501] VFS: Dquot-cache hash table entries: 512 (order 0, 4096 bytes)
[    4.299035] squashfs: version 4.0 (2009/01/31) Phillip Lougher
[    4.301422] fuse init (API version 7.23)
[    4.303037] Key type big_key registered
[    4.304505] Allocating IMA MOK and blacklist keyrings.
[    4.309449] Key type asymmetric registered
[    4.310967] Asymmetric key parser 'x509' registered
[    4.312618] Block layer SCSI generic (bsg) driver version 0.4 loaded (major 249)
[    4.316442] io scheduler noop registered
[    4.318591] io scheduler deadline registered (default)
[    4.321238] io scheduler cfq registered
[    4.324984] pci_hotplug: PCI Hot Plug PCI Core version: 0.5
[    4.327781] pciehp: PCI Express Hot Plug Controller Driver version: 0.4
[    4.330744] ACPI: AC Adapter [AC] (on-line)
[    4.332254] input: Power Button as /devices/LNXSYSTM:00/LNXPWRBN:00/input/input0
[    4.334793] ACPI: Power Button [PWRF]
[    4.336248] input: Sleep Button as /devices/LNXSYSTM:00/LNXSLPBN:00/input/input1
[    4.355840] ACPI: Sleep Button [SLPF]
[    4.358446] GHES: HEST is not enabled!
[    4.358532] ACPI: Battery Slot [BAT0] (battery present)
[    4.364888] Serial: 8250/16550 driver, 32 ports, IRQ sharing enabled
[    4.391629] 00:02: ttyS0 at I/O 0x3f8 (irq = 4, base_baud = 115200) is a 16550A
[    4.396328] Linux agpgart interface v0.103
[    4.400332] loop: module loaded
[    4.402652] scsi host0: ata_piix
[    4.404082] scsi host1: ata_piix
[    4.405357] ata1: PATA max UDMA/33 cmd 0x1f0 ctl 0x3f6 bmdma 0xd000 irq 14
[    4.407641] ata2: PATA max UDMA/33 cmd 0x170 ctl 0x376 bmdma 0xd008 irq 15
[    4.417014] libphy: Fixed MDIO Bus: probed
[    4.418482] tun: Universal TUN/TAP device driver, 1.6
[    4.420304] tun: (C) 1999-2004 Max Krasnyansky <maxk@qualcomm.com>
[    4.444278] PPP generic driver version 2.4.2
[    4.445843] ehci_hcd: USB 2.0 'Enhanced' Host Controller (EHCI) Driver
[    4.447872] ehci-pci: EHCI PCI platform driver
[    4.495502] ehci-platform: EHCI generic platform driver
[    4.497169] ohci_hcd: USB 1.1 'Open' Host Controller (OHCI) Driver
[    4.499118] ohci-pci: OHCI PCI platform driver
[    4.500662] ohci-platform: OHCI generic platform driver
[    4.504512] uhci_hcd: USB Universal Host Controller Interface driver
[    4.506852] i8042: PNP: PS/2 Controller [PNP0303:PS2K,PNP0f03:PS2M] at 0x60,0x64 irq 1,12
[    4.510549] serio: i8042 KBD port at 0x60,0x64 irq 1
[    4.512153] serio: i8042 AUX port at 0x60,0x64 irq 12
[    4.554588] mousedev: PS/2 mouse device common for all mice
[    4.557162] rtc_cmos rtc_cmos: rtc core: registered rtc_cmos as rtc0
[    4.559392] input: AT Translated Set 2 keyboard as /devices/platform/i8042/serio0/input/input2
[    4.585580] rtc_cmos rtc_cmos: alarms up to one day, 114 bytes nvram
[    4.587639] i2c /dev entries driver
[    4.588994] device-mapper: uevent: version 1.0.3
[    4.590647] device-mapper: ioctl: 4.34.0-ioctl (2015-10-28) initialised: dm-devel@redhat.com
[    4.593615] ledtrig-cpu: registered to indicate activity on CPUs
[    4.596566] NET: Registered protocol family 10
[    4.599578] NET: Registered protocol family 17
[    4.601946] Key type dns_resolver registered
[    4.605770] registered taskstats version 1
[    4.644890] Loading compiled-in X.509 certificates
[    46422] Loaded X.509 cert 'Build time autogenerated kernel key: 8f274abdf49cd12572c1533a34d1eafea768213f'
[    4.816380] zswap: loaded using pool lzo/zbud
[    4.824055] Key type trusted registered
[    4.836188] Key type encrypted registered
[    4.838185] AppArmor: AppArmor sha1 policy hashing enabled
[    4.840322] ima: No TPM chip found, activating TPM-bypass!
[    4.842419] ima: Allocated hash algorithm: sha1
[    4.844317] evm: HMAC attrs: 0x1
[    4.846835]   Magic number: 14:104:645
[    4.848340] rtc_cmos rtc_cmos: setting system clock to 2018-08-08 18:38:54 UTC (1533753534)
[    4.851681] BIOS EDD facility v0.16 2004-Jun-25, 0 devices found
[    4.853723] EDD information not available.
[    4.857925] Freeing unused kernel memory: 1516K
[    4.870325] Write protecting the kernel read-only data: 14336k
[    4.873187] Freeing unused kernel memory: 1680K
[    4.875276] Freeing unused kernel memory: 96K
Loading, please wait...
starting version 229
[    4.905962] random: systemd-udevd: uninitialized urandom read (16 bytes read, 2 bits of entropy available)
[    4.907673] random: udevadm: uninitialized urandom read (16 bytes read, 2 bits of entropy available)
[    4.907737] random: udevadm: uninitialized urandom read (16 bytes read, 2 bits of entropy available)
[    4.930823] random: systemd-udevd: uninitialized urandom read (16 bytes read, 2 bits of entropy available)
[    4.934106] random: systemd-udevd: uninitialized urandom read (16 bytes read, 2 bits of entropy available)
[    4.937259] random: systemd-udevd: uninitialized urandom read (16 bytes read, 2 bits of entropy available)
[    4.942446] random: systemd-udevd: uninitialized urandom read (16 bytes read, 2 bits of entropy available)
[    4.942701] random: udevadm: uninitialized urandom read (16 bytes read, 2 bits of entropy available)
[    4.942809] random: udevadm: uninitialized urandom read (16 bytes read, 2 bits of entropy available)
[    4.943203] random: udevadm: uninitialized urandom read (16 bytes read, 2 bits of entropy available)
[    5.052088] e1000: Intel(R) PRO/1000 Network Driver - version 7.3.21-k8-NAPI
[    5.055577] e1000: Copyright (c) 1999-2006 Intel Corporation.
[    5.077846] Fusion MPT base driver 3.04.20
[    5.079362] Copyright (c) 1999-2008 LSI Corporation
[    5.096127] Fusion MPT SPI Host driver 3.04.20
[    5.139615] AVX version of gcm_enc/dec engaged.
[    5.141777] AES CTR mode by8 optimization enabled
[    5.202283] tsc: Refined TSC clocksource calibration: 2199.656 MHz
[    5.204725] clocksource: tsc: mask: 0xffffffffffffffff max_cycles: 0x1fb4edbe991, max_idle_ns: 440795202126 ns
[    5.290551] input: ImExPS/2 Generic Explorer Mouse as /devices/platform/i8042/serio1/input/input4
[    5.554433] e1000 0000:00:03.0 eth0: (PCI:33MHz:32-bit) 02:54:ad:ea:60:2e
[    5.944643] e1000 0000:00:03.0 eth0: Intel(R) PRO/1000 Network Connection
[    6.365941] e1000 0000:00:08.0 eth1: (PCI:33MHz:32-bit) 08:00:27:93:d0:64
[    6.375507] e1000 0000:00:08.0 eth1: Intel(R) PRO/1000 Network Connection
[    6.381701] e1000 0000:00:08.0 enp0s8: renamed from eth1
[    6.384593] mptbase: ioc0: Initiating bringup
[    6.398721] e1000 0000:00:03.0 enp0s3: renamed from eth0
[    6.454544] ioc0: LSI53C1030 A0: Capabilities={Initiator}
[    7.598170] scsi host2: ioc0: LSI53C1030 A0, FwRev=00000000h, Ports=1, MaxQ=256, IRQ=20
[    8.183591] scsi 2:0:0:0: Direct-Access     VBOX     HARDDISK         1.0  PQ: 0 ANSI: 5
[    8.223194] scsi target2:0:0: Beginning Domain Validation
[    8.236577] scsi target2:0:0: Domain Validation skipping write tests
[    8.238801] scsi target2:0:0: Ending Domain Validation
[    8.240576] scsi target2:0:0: asynchronous
[    8.242706] scsi 2:0:1:0: Direct-Access     VBOX     HARDDISK         1.0  PQ: 0 ANSI: 5
[    8.265886] scsi target2:0:1: Beginning Domain Validation
[    8.269425] scsi target2:0:1: Domain Validation skipping write tests
[    8.366321] scsi target2:0:1: Ending Domain Validation
[    8.368503] scsi target2:0:1: asynchronous
[    8.382919] sd 2:0:0:0: Attached scsi generic sg0 type 0
[    8.405193] sd 2:0:0:0: [sda] 20971520 512-byte logical blocks: (10.7 GB/10.0 GiB)
[    8.405560] sd 2:0:1:0: Attached scsi generic sg1 type 0
[    8.405610] sd 2:0:1:0: [sdb] 20480 512-byte logical blocks: (10.5 MB/10.0 MiB)
[    8.406117] sd 2:0:1:0: [sdb] Write Protect is off
[    8.406493] sd 2:0:1:0: [sdb] Incomplete mode parameter data
[    8.406495] sd 2:0:1:0: [sdb] Assuming drive cache: write through
[    8.489086] sd 2:0:1:0: [sdb] Attached SCSI disk
[    8.641961] sd 2:0:0:0: [sda] Write Protect is off
[    8.644752] sd 2:0:0:0: [sda] Incomplete mode parameter data
[    8.647776] sd 2:0:0:0: [sda] Assuming drive cache: write through
[    8.662055]  sda: sda1
[    8.671661] sd 2:0:0:0: [sda] Attached SCSI disk
Begin: Loading essential drivers[   10.383366] md: linear personality registered for level -1
 ... [   10.390375] md: multipath personality registered for level -4
[   10.397221] md: raid0 personality registered for level 0
[   10.460874] md: raid1 personality registered for level 1
[   10.534248] raid6: sse2x1   gen()  4375 MB/s
[   10.662245] raid6: sse2x1   xor()  3438 MB/s
[   10.762237] raid6: sse2x2   gen()  5639 MB/s
[   10.842238] raid6: sse2x2   xor()  3980 MB/s
[   10.942258] raid6: sse2x4   gen()  6129 MB/s
[   11.022258] raid6: sse2x4   xor()  4030 MB/s
[   11.025162] raid6: using algorithm sse2x4 gen() 6129 MB/s
[   11.027098] raid6: .... xor() 4030 MB/s, rmw enabled
[   11.034829] raid6: using ssse3x2 recovery algorithm
[   11.040335] xor: automatically using best checksumming function:
[   11.098034]    avx       : 24049.000 MB/sec
[   11.103969] async_tx: api initialized (async)
[   11.119314] md: raid6 personality registered for level 6
[   11.124152] md: raid5 personality registered for level 5
[   11.125847] md: raid4 personality registered for level 4
[   11.141408] md: raid10 personality registered for level 10
done.
Begin: Running /scripts/init-premount ... done.
Begin: Mounting root file system ... Begin: Running /scripts/local-top ... done.
Begin: Running /scripts/local-premount ... [   11.267758] Btrfs loaded
Scanning for Btrfs filesystems
done.
Warning: fsck not present, so skipping root file system
[   11.751953] EXT4-fs (sda1): mounted filesystem with ordered data mode. Opts: (null)
done.
Begin: Running /scripts/local-bottom ... done.
Begin: Running /scripts/init-bottom ... done.
[   12.720030] random: nonblocking pool is initialized
[   13.928458] systemd[1]: systemd 229 running in system mode. (+PAM +AUDIT +SELINUX +IMA +APPARMOR +SMACK +SYSVINIT +UTMP +LIBCRYPTSETUP +GCRYPT +GNUTLS +ACL +XZ -LZ4 +SECCOMP +BLKID +ELFUTILS +KMOD -IDN)
[   13.940116] systemd[1]: Detected virtualization oracle.
[   13.959357] systemd[1]: Detected architecture x86-64.

Welcome to [1mUbuntu 16.04.5 LTS[0m!

[   14.026344] systemd[1]: Set hostname to <ubuntu>.
[ 14073986] systemd[1]: Initializing machine ID from random generator.
[   14.235731] systemd[1]: Installed transient /etc/machine-id file.
[   16.662863] systemd[1]: Started Forward Password Requests to Wall Directory Watch.
[[0;32m  OK  [0m] Started Forward Password Requests to Wall Directory Watch.
[   17.778673] systemd[1]: Created slice User and Session Slice.
[[0;32m  OK  [0m] Created slice User and Session Slice.
[   17.804870] systemd[1]: Listening on Journal Socket.
[[0;32m  OK  [0m] Listening on Journal Socket.
[   17.817306] systemd[1]: Set up automount Arbitrary Executable File Formats File System Automount Point.
[[0;32m  OK  [0m] Set up automount Arbitrary Executab...ats File System Automount Point.
[   17.840890] systemd[1]: Started Trigger resolvconf update for networkd DNS.
[[0;32m  OK  [0m] Started Trigger resolvconf update for networkd DNS.
[   17.847113] systemd[1]: Reached target Swap.
[[0;32m  OK  [0m] Reached target Swap.
[   17.854895] systemd[1]: Listening on Syslog Socket.
[[0;32m  OK  [0m] Listening on Syslog Socket.
[   17.858848] systemd[1]: Listening on udev Kernel Socket.
[[0;32m  OK  [0m] Listening on udev Kernel Socket.
[   17.862817] systemd[1]: Listening on LVM2 poll daemon socket.
[[0;32m  OK  [0m] Listening on LVM2 poll daemon socket.
[   17.879588] systemd[1]: Listening on Journal Audit Socket.
[[0;32m  OK  [0m] Listening on Journal Audit Socket.
[   17.906734] systemd[1]: Listening on LVM2 metadata daemon socket.
[[0;32m  OK  [0m] Listening on LVM2 metadata daemon socket.
[   17.938694] systemd[1]: Racedart Usr and Group Name Lookups.
[[0;32m  OK  [0m] Reached target User and Group Name Lookups.
[   18.217566] systemd[1]: Reached target Encrypted Volumes.
[[0;32m  OK  [0m] Reached target Encrypted Volumes.
[   18.225854] systemd[1]: Listening on Device-mapper event daemon FIFOs.
[[0;32m  OK  [0m] Listening on Device-mapper event daemon FIFOs.
[   18.270384] systemd[1]: Reached target System Time Synchronized.
[[0;32m  OK  [0m] Reached target System Time Synchronized.
[   8.98] std[: Created slice System Slice.
[[0;32m  OK  [0m] Created slice System Slice.
[   18.750828] systemd[1]: Starting Set console keymap...
         Starting Set console keymap...
[   18.764406] systemd[1]: Starting Create list of required static device nodes for the current kernel...
         Starting Create list of required st... nodes for the current kernel...
[   18.776202] systemd[1]: Starting Remount Root and Kernel File Systems...
         Starting Remount Root and Kernel File Systems...
[   18.924933] EXT4-fs (sda1): re-mounted. Opts: (null)
[   18.995682] systemd[1]: Starting Load Kernel Modules...
         Starting Load Kernel Modules...
[   19.028049] systemd[1]: Created slice system-serial\x2dgetty.slice.
[[0;32m  OK  [0m] Created slice system-serial\x2dgetty.slice.
[   19.050709] systemd[1]: Starting Uncomplicated firewall...
         Starting Uncomplicated firewall...
[   19.067078] systemd[1]: Listening on /dev/initctl Compatibility Named Pipe.
[[0;32m  OK  [0m] Listening on /dev/initctl Compatibility Named Pipe.
[   19.098432] systemd[1]: Mounting POSIX Message Queue File System...
         Mounting POSIX Message Queue File System...
[   19.123664] systemd[1]: Mounting Huge Pages File System...
         Mounting Huge Pages File System...
[   19.128699] systemd[1]: Listening on udev Control Socket.
[[0;32m  OK  [0m] Listening on udev Control Socket.
[   19.135070] systemd[1]: Reached target Slices.
[[0;32m  OK  [0m] Reached target Slices.
[   19.140464] systemd[1]: Starting Monitoring of LVM2 mirrors, snapshots etc. using dmeventd or progress polling...
         Starting Monitoring of LVM2 mirrors... dmeventd or progress polling...
[   19.151962] systemd[1]: Mounting Debug File System...
         Mounting Debug File System...
[   19.156552] systemd[1]: Starting Nameserver information manager...
         Starting Nameserver information manager...
[   19.160284] systemd[1]: Listening on Journal Socket (/dev/log).
[[0;32m  OK  [0m] Listening on Journal Socket (/dev/log).
[   19.165417] systemd[1]: Starting Journal Service...
         Starting Journal Service...
[   19.176610] systemd[1]: Mounted Debug File System.
[[0;32m  OK  [0m] Mounted Debug File System.
[   19.215028] systemd[1]: Mounted POSIX Message Queue File System.
[   19.217422] Loading iSCSI transport class v2.0-870.
[[0;32m  OK  [0m] Mounted POSIX Message Queue File System.
[   19.221309] systemd[1]: Mounted Huge Pages File System.
[[0;32m  OK  [0m] Mounted Huge Pages File System.
[   19.226099] systemd[1]: Started Set console keymap.
[[0;32m  OK  [0m] Started Set console keymap.
[   19.230853] systemd[1]: Started Create list of required static device nodes for the current kernel.
[[0;32m  OK  [0m] Started Create list of required sta...ce nodes for the current kernel.
[   19.238117] systemd[1]: Started Remount Root and Kernel File Systems.
[[0;32m  OK  [0m] Started Remount Root and Kernel File Systems.
[   19.245052] systemd[1]: Started Uncomplicated firewall.
[[0;32m  OK  [0m] Started Uncomplicated firewall.
[   19.315439] iscsi: registered transport (tcp)
[   19.382791] systemd[1]: Starting Load/Save Random Seed...
         Starting Load/Save Random Seed...
[   19.491008] systemd[1]: Starting udev Coldplug all Devices...
         Starting udev Coldplug all Devices...
[   19.646770] systemd[1]: Starting Create Static Device Nodes in /dev...
         Starting Create Static Device Nodes in /dev...
[   19.689131] systemd[1]: Started Nameserver information manager.
[[0;32m  OK  [0m] Started Nameserver information manager.
[   19.697101] systemd[1]: Started Load/Save Random Seed.
[[0;32m  OK  [0m] Started Load/Save Random Seed.
[   19.707580] systemd[1]: Started Journal Service.
[[0;32m  OK  [0m] Started Journal Service.
[[0;32m  OK  [0m] Started LVM2 metadata daemon.
         Starting Flush Journal to Persistent Storage...
[   19.773710] iscsi: registered transport (iser)
[[0;32m  OK  [0m] Started Load Kernel Modules.
         Mounting FUSE Control File System...
         Starting Apply Kernel Variables...
[[0;32m  OK  [0m] Mounted FUSE Control File System.
[[0;32m  OK  [0m] Started udev Coldplug all Devices.
[   19.898975] systemd-journald[403]: Received request to flush runtime journal from PID 1
[[0;32m  OK  [0m] Started Flush Journal to Persistent Storage.
[[0;32m  OK  [0m] Started Apply Kernel Variables.
[[0;32m  OK  [0m] Started Monitoring of LVM2 mirrors,...ng dmeventd or progress polling.
[[0;32m  OK  [0m] Started Create Static Device Nodes in /dev.
         Starting udev Kernel Device Manager...
[[0;32m  OK  [0m] Started udev Kernel Device Manager.
[[0;32m  OK  [0m] Reached target Local File Systems (Pre).
[[0;32m  OK  [0m] Reached target Local File Systems.
         Starting Initial cloud-init job (pre-networking)...
         Starting Create Volatile Files and Directories...
         Starting Tell Plymouth To Write Out Runtime Data...
         Starting Set console font and keymap...
         Starting Commit a transient machine-id on disk...
         Starting LSB: AppArmor initialization...
[[0;32m  OK  [0m] Started Dispatch Password Requests to Console Directory Watch.
[[0;32m  OK  [0m] Started Commit a transient machine-id on disk.
[[0;32m  OK  [0m] Started Create Volatile Files and Directories.
         Starting Update UTMP about System Boot/Shutdown...
[[0;32m  OK  [0m] Started Tell Plymouth To Write Out Runtime Data.
[[0;32m  OK  [0m] Started Update UTMP about System Boot/Shutdown.
[[0;32m  OK  [0m] Found device /dev/ttyS0.
[[0;32m  OK  [0m] Listening on Load/Save RF Kill Switch Status /dev/rfkill Watch.
[[0;32m  OK  [0m] Started Set console font and keymap.
[[0;32m  OK  [0m] Created slice system-getty.slice.
[[0;32m  OK  [0m] Started LSB: AppArmor initialization.
[   27.143042] cloud-init[483]: Cloud-init v. 18.3-9-g2e62cb8a-0ubuntu1~16.04.2 running 'init-local' at Wed, 08 Aug 2018 18:39:17 +0000. Up 26.24 seconds.
[[0;32m  OK  [0m] Started Initial cloud-init job (pre-networking).
[[0;32m  OK  [0m] Reached target Network (Pre).
         Starting Raise network interfaces...
[[0;32m  OK  [0m] Started Raise network interfaces.
[[0;32m  OK  [0m] Reached target Network.
         Starting Initial cloud-init job (metadata service crawler)...
[   30.813777] cloud-init[952]: Cloud-init v. 18.3-9-g2e62cb8a-0ubuntu1~16.04.2 running 'init' at Wed, 08 Aug 2018 18:39:19 +0000. Up 28.52 seconds.
[   30.855517] cloud-init[952]: ci-info: ++++++++++++++++++++++++++++++++++++++Net device info+++++++++++++++++++++++++++++++++++++++
[   30.859335] cloud-init[952]: ci-info: +--------+-------+----------------------------+---------------+--------+-------------------+
[   30.916645] cloud-init[952]: ci-info: | Device |   Up  |          Address           |      Mask     | Scope  |     Hw-Address    |
[   30.917049] cloud-init[952]: ci-info: +--------+-------+----------------------------+---------------+--------+-------------------+
[   30.917747] cloud-init[952]: ci-info: | enp0s3 |  True |         10.0.2.15          | 255.255.255.0 | global | 02:54:ad:ea:60:2e |
[   30.918347] cloud-init[[952]: [0;32m  OK  [0mci-info: | enp0s3 |  True | fe80::54:adff:feea:602e/64 |       .       |  link  | 02:54:ad:ea:60:2e |] 
Started Initial cloud-init job (metadata service crawler).
[   30.919279] cloud-init[952]: ci-info: | enp0s8 | False |             .              |       .       |   .    | 08:00:27:93:d0:64 |[[0;32m  OK  [0m] Reached target System Initialization.
[[0;32m  OK  [0m] Started Daily apt download activities.
[[0;32m  OK  [0m] Listening on UUID daemon activation socket.
[[0;32m  OK  [0m] Started Daily apt upgrade and clean activities.

[   30.937111] [cloud-init[0;32m  OK  [0m[952]: ] ci-info: |   lo   |  True |         127.0.0.1          |   255.0.0.0   |  host  |         .         |Started ACPI Events Check.

[   30.938048] [[0;32m  OK  [0m] Reached target Paths.
[[0;32m  OK  [0m] Listening on D-Bus System Message Bus Socket.
[[0;32m  OK  [0m] Listening on ACPID Listen Socket.
cloud-init[952]: ci-info: |   lo   |  True |          ::1/128           |       .       |  host  |         .         |
[   30.992647] cloud-init[952]: ci-info: +--------+-------+----------------------------+---------------+--------+-------------------+
[   31.003464] cloud-init[952]: ci-info: +++++++++++++++++++++++++++Route IPv4 info++++++++++++++++++++++++++++
[   31.004573] cloud-init[952]: ci-info: +-------+-------------+----------+---------------+-----------+-------+
[   31.005464] cloud-init[952]: ci-info: | Route | Destination | Gateway  |    Genmask    | Interface | Flags |
[   31.006217] cloud-init[952]: ci-info: +-------+-------------+----------+---------------+-----------+-------+
[   31.007118] cloud-init[952]: ci-info: |   0   |   0.0.0.0   | 10.0.2.2 |    0.0.0.0    |   enp0s3  |   UG  |
         Starting LXD - unix socket.
[   31.007789] cloud-init[952]: ci-info: |   1   |   10.0.2.0  | 0.0.0.0  | 255.255.255.0 |   enp0s3  |   U   |
[   31.154470] cloud-init[952]: ci-info: +-------+-------------+----------+---------------+-----------+-------+
[   31.154941] cloud-init[952]: ci-info: +++++++++++++++++++Route IPv6 info+++++++++++++++++++
[   31.155562] cloud-init[952]: ci-info: +-------+-------------+---------+-----------+-------+
[   31.156116] cloud-init[952]: ci-info: | Route | Destination | Gateway | Interface | Flags |
[   31.156680] cloud-init[952]: ci-info: +-------+-------------+---------+-----------+-------+
[   31.157225] cloud-init[952]: ci-info: |   0   |  fe80::/64  |    ::   |   enp0s3  |   U   |
[   31.157929] cloud-init[952]: ci-info: |   3   |   ff00::/8  |    ::   |   enp0s3  |   U   |
[   31.158418] cloud-init[952]: ci-info: +-------+-------------+---------+-----------+-------+
[   31.158978] cloud-init[952]: Generating public/private rsa key pair.
[   31.159508] cloud-init[952]: Your identification has been saved in /etc/ssh/ssh_host_rsa_key.
[   31.160036] cloud-init[952]: Your public key has been saved in /etc/ssh/ssh_host_rsa_key.pub.
[   31.160631] cloud-init[952]: The key fingerprint is:
[   31.161154] cloud-init[952]: SHA256:czA/HrnJP7YIjn+w4CUPc2Vx9wb9dSjqrcDLoqo5lwk root@ubuntu-xenial
[   31.161695] cloud-init[952]: The key's randomart image is:
[   31.162238] cloud-init[952]: +---[RSA 2048]----+
[   31.162772] cloud-init[952]: |               o |
[   31.163291] cloud-init[952]: |          . o + +|
[   31.163805] cloud-init[952]: |        o  + o o+|
[   31.164642] cloud-init[952]: |         ++.    +|
[   31.165077] cloud-init[952]: |       .S+*.   . |
[   31.165522] cloud-init[952]: |E     = *=.=.    |
[   31.165972] cloud-init[952]: | . o . X.==.     |
[   31.166457] cloud-init[952]: |..+   oo=.ooo    |
[   31.166887] cloud-init[952]: |o+.....oo...oo   |
[   31.167409] cloud-init[952]: +----[SHA256]-----+
[   31.167840] cloud-init[952]: Generating public/private dsa key pair.
[   31.168568] cloud-init[952]: Your identification has been saved in /etc/ssh/ssh_host_dsa_key.
[   31.169066] cloud-init[952]: Your public key has been saved in /etc/ssh/ssh_host_dsa_key.pub.
[   31.169530] cloud-init[952]: The key fingerprint is:
[   31.169971] cloud-init[952]: SHA256:u+Qdv2RonVencG4HdmjWkYzT4kHxZsgbKUAFVTQ12rE root@ubuntu-xenial
[   31.170397] cloud-init[952]: The key's randomart image is:
[   31.170903] cloud-init[952]: +---[DSA 1024]----+
[   31.171365] cloud-init[952]: |        .++oo*o+ |
[   31.171739] cloud-init[952]: |          . o @ =|
[   31.172420] cloud-init[952]: |           . @ E |
[   31.172906] cloud-init[952]: |            o Oo.|
[   31.173402] cloud-init[952]: |        S   .oB =|
[   31.173866] cloud-init[952]: |         . o O =.|
[   31.174247] cloud-init[952]: |        o + = = .|
[   31.174764] cloud-init[952]: |       o + = o . |
[   31.175144] cloud-init[952]: |        o . o.   |
[   31.175618] cloud-init[952]: +----[SHA256]-----+
[   31.176086] cloud-init[952]: Generating public/private ecdsa key pair.
[   31.176503] cloud-init[952]: Your identification has been saved in /etc/ssh/ssh_host_ecdsa_key.
[   31.177049] cloud-init[952]: Your public key has been saved in /etc/ssh/ssh_host_ecdsa_key.pub.
[   31.177505] cloud-init[952]: The key fingerprint is:
[   31.177909] cloud-init[952]: SHA256:dwUIyeMh1ycDi/OB+2rLOWYhRN05eA38ML3hcs4+QSI root@ubuntu-xenial
[   31.178342] cloud-init[952]: The key's randomart image is:
[   31.178788] cloud-init[952]: +---[ECDSA 256]---+
[   31.179233] cloud-init[952]: |     . =+X ..    |
[   31.179688] cloud-init[952]: |    . +o#.O ..   |
[   31.180256] cloud-init[952]: |   .  +=oO *  .  |
[   31.180604] cloud-init[952]: |    . E++.*  .   |
[   31.181115] cloud-init[952]: |   .  ..SB. .    |
[   31.181520] cloud-init[952]: |    . .. .+.     |
[   31.181962] cloud-init[952]: |     . ... .     |
[   31.182410] cloud-init[952]: |     .=o  o      |
[   31.182851] cloud-init[952]: |     +=o   .     |
[   31.183297] cloud-init[952]: +----[SHA256]-----+
[   31.183845] cloud-init[952]: Generating public/private ed25519 key pair.
[   31.184468] cloud-init[952]: Your identification has been saved in /etc/ssh/ssh_host_ed25519_key.
[   31.184985] cloud-init[952]: Your public key has been saved in /etc/ssh/ssh_host_ed25519_key.pub.
[   31.185455] cloud-init[952]: The key fingerprint is:
[   31.185816] cloud-init[952]: SHA256:tWOxeXEiFKS9b1nG1aSy0bcwCDdaeWHpcwN9FAj/g4k root@ubuntu-xenial
[   31.186277] cloud-init[952]: The key's randomart image is:
[   31.186739] cloud-init[952]: +--[ED25519 256]--+
[   31.187170] cloud-init[952]: |         o+*oo=o+|
[   31.187633] cloud-init[952]: |         +=.=* +o|
[   31.188928] cloud-init[952]: |        ..=.B+= =|
[   31.189306] cloud-init[952]: |         . B.@*=.|
[   31.189729] cloud-init[952]: |        S BEoo*+.|
[   31.190223] cloud-init[952]: |         . + +  .|
[   31.190651] cloud-init[952]: |            +    |
[   31.191150] cloud-init[952]: |           .     |
         Starting Socket activation for snappy daemon.
[   31.191696] cloud-init[952]: |                 |
[   31.255019] cloud-init[952]: +----[SHA256]-----+
[[0;32m  OK  [0m] Started Daily Cleanup of Temporary Directories.
[[0;32m  OK  [0m] Reached target Timers.
[[0;32m  OK  [0m] Reached target Network is Online.
         Starting iSCSI initiator daemon (iscsid)...
[[0;32m  OK  [0m] Reached target Cloud-config availability.
[[0;32m  OK  [0m] Listening on LXD - unix socket.
[[0;32m  OK  [0m] Listening on Socket activation for snappy daemon.
[[0;32m  OK  [0m] Reached target Sockets.
[[0;32m  OK  [0m] Reached target Basic System.
[[0;32m  OK  [0m] Started Regular background program processing daemon.
         Starting Accounts Service...
         Starting System Logging Service...
[[0;32m  OK  [0m] Started D-Bus System Message Bus.
[[0;32m  OK  [0m] Started ACPI event daemon.
         Starting Virtualbox guest utils...
         Starting Login Service...
[[0;32m  OK  [0m] Started Unattended Upgrades Shutdown.
         Starting LSB: MD monitoring daemon...
         Starting LSB: Record successful boot for GRUB...
         Starting /etc/rc.local Compatibility...
[[0;32m  OK  [0m] Started Deferred execution scheduler.
[[0;32m  OK  [0m] Started FUSE filesystem for LXC.
         Starting Snappy daemon...
         Starting Pollinate to seed the pseudo random number generator...
         Starting LXD - container startup/shutdown...
[[0;32m  OK  [0m] Started System Logging Service.
[[0;32m  OK  [0m] Started /etc/rc.local Compatibility.
[[0;32m  OK  [0m] Started Login Service.
[[0;32m  OK  [0m] Started iSCSI initiator daemon (iscsid).
         Starting Login to default iSCSI targets...
         Starting Authenticate and Authorize Users to Run Privileged Tasks...
[[0;32m  OK  [0m] Started LSB: Record successful boot for GRUB.
[[0;32m  OK  [0m] Started LSB: MD monitoring daemon.
[[0;32m  OK  [0m] Started Login to default iSCSI targets.
[[0;32m  OK  [0m] Reached target Remote File Systems (Pre).
[[0;32m  OK  [0m] Reached target Remote File Systems.
         Starting Permit User Sessions...
         Starting LSB: daemon to balance interrupts for SMP systems...
         Starting LSB: Set the CPU Frequency Scaling governor to "ondemand"...
         Starting LSB: automatic crash report generation...
[[0;32m  OK  [0m] Started Virtualbox guest utils.
[[0;32m  OK  [0m] Started Permit User Sessions.
[[0;32m  OK  [0m] Started Authenticate and Authorize Users to Run Privileged Tasks.
[[0;32m  OK  [0m] Started Accounts Service.
         Starting Hold until boot process finishes up...
         Starting Terminate Plymouth Boot Screen...
[[0;32m  OK  [0m] Started LSB: Set the CPU Frequency Scaling governor to "ondemand".
[[0;32m  OK  [0m] Started LSB: daemon to balance interrupts for SMP systems.
[[0;32m  OK  [0m] Started Hold until boot process finishes up.
[[0;32m  OK  [0m] Started Terminate Plymouth Boot Screen.
[[0;32m  OK  [0m] Started Getty on tty1.
         Starting Set console scheme...
[[0;32m  OK  [0m] Started Serial Getty on ttyS0.
[[0;32m  OK  [0m] Reached target Login Prompts.
[[0;32m  OK  [0m] Started LSB: automatic crash report generation.
[[0;32m  OK  [0m] Started Set console scheme.
[[0;32m  OK  [0m] Started Pollinate to seed the pseudo random number generator.
         Starting OpenBSD Secure Shell server...
[[0;32m  OK  [0m] Started LXD - container startup/shutdown.
[[0;32m  OK  [0m] Started OpenBSD Secure Shell server.
[[0;32m  OK  [0m] Started Snappy daemon.
         Starting Wait until snapd is fully seeded...
[[0;32m  OK  [0m] Created slice User Slice of vagrant.
         Starting User Manager for UID 1000...
[[0;32m  OK  [0m] Started Session 1 of user vagrant.
[[0;32m  OK  [0m] Started User Manager for UID 1000.
[[0;32m  OK  [0m] Started Wait until snapd is fully seeded.
         Starting Apply the settings specified in cloud-config...
[[0;32m  OK  [0m] Reached target Multi-User System.
[[0;32m  OK  [0m] Reached target Graphical Interface.
         Starting Update UTMP about System Runlevel Changes...
[[0;32m  OK  [0m] Started Update UTMP about System Runlevel Changes.
[   38.481871] cloud-init[1345]: Generating locales (this might take a while)...

Ubuntu 16.04.5 LTS ubuntu-xenial ttyS0

ubuntu-xenial login: [   40.366174] cloud-init[1345]:   en_US.UTF-8... done
[   40.368299] cloud-init[1345]: Generation complete.
[   42.334841] cloud-init[1345]: Cloud-init v. 18.3-9-g2e62cb8a-0ubuntu1~16.04.2 running 'modules:config' at Wed, 08 Aug 2018 18:39:28 +0000. Up 37.97 seconds.
ci-info: no authorized ssh keys fingerprints found for user ubuntu.
<14>Aug  8 18:39:34 ec2: 
<14>Aug  8 18:39:34 ec2: #############################################################
<14>Aug  8 18:39:34 ec2: -----BEGIN SSH HOST KEY FINGERPRINTS-----
<14>Aug  8 18:39:34 ec2: 1024 SHA256:u+Qdv2RonVencG4HdmjWkYzT4kHxZsgbKUAFVTQ12rE root@ubuntu-xenial (DSA)
<14>Aug  8 18:39:34 ec2: 256 SHA256:dwUIyeMh1ycDi/OB+2rLOWYhRN05eA38ML3hcs4+QSI root@ubuntu-xenial (ECDSA)
<14>Aug  8 18:39:34 ec2: 256 SHA256:tWOxeXEiFKS9b1nG1aSy0bcwCDdaeWHpcwN9FAj/g4k root@ubuntu-xenial (ED25519)
<14>Aug  8 18:39:34 ec2: 2048 SHA256:czA/HrnJP7YIjn+w4CUPc2Vx9wb9dSjqrcDLoqo5lwk root@ubuntu-xenial (RSA)
<14>Aug  8 18:39:34 ec2: -----END SSH HOST KEY FINGERPRINTS-----
<14>Aug  8 18:39:34 ec2: #############################################################
-----BEGIN SSH HOST KEY KEYS-----
ecdsa-sha2-nistp256 AAAAE2VjZHNhLXNoYTItbmlzdHAyNTYAAAAIbmlzdHAyNTYAAABBBFC7HiRPqvQhnSJ9SYFu3UeOBdptLHAvxSV+9wk1elKfnQcxCssDzW/z5GODkI6LYdEG0ZsUk2qhlMjyv9E+wHg= root@ubuntu-xenial
ssh-ed25519 AAAAC3NzaC1lZDI1NTE5AAAAIN2TFTsflT4fnN2dxKvQs2epWgdn2zzsiIG2MnyePV4I root@ubuntu-xenial
ssh-rsa AAAAB3NzaC1yc2EAAAADAQABAAABAQDT2e3eiWq4nn0cP9nIsxSnvH9EvaAeYp+GwoVFcyckyibF9CDOJhHIKADKY6bJmQQ8qbZdS+voZigBprgu1DFEtdsl1Fmx5HExd1bivKpTw3r7fvnl/1KNdYapOHXdV7fdVmslK8jyRNUYQ/BWKeRJzB4uMH+k2N/WQBluey6K94MlrAtbgcISCJBAqJYg4ObrebQfeyM5soW+/1xcmkQFqYfO/7aU7SN5HECcI0x6Dp3YP8Po4YUiFjxteM8lEUJ6NMDQJMVBqlaWisEdqv76ldLh4nIIxyUjnR3pa+hFVvcmTiYQz4L+CMOOA+qA+z4JCLRYRkKy1m3pnMlxz1cZ root@ubuntu-xenial
-----END SSH HOST KEY KEYS-----
[   43.409413] cloud-init[1532]: Cloud-init v. 18.3-9-g2e62cb8a-0ubuntu1~16.04.2 running 'modules:final' at Wed, 08 Aug 2018 18:39:33 +0000. Up 43.03 seconds.
[   43.410742] cloud-init[1532]: ci-info: no authorized ssh keys fingerprints found for user ubuntu.
[   43.411590] cloud-init[1532]: Cloud-init v. 18.3-9-g2e62cb8a-0ubuntu1~16.04.2 finished at Wed, 08 Aug 2018 18:39:34 +0000. Datasource DataSourceNoCloud [seed=/dev/sdb][dsmode=net].  Up 43.39 seconds
