[    0.000000] Initializing cgroup subsys cpuset
[    0.000000] Initializing cgroup subsys cpu
[    0.000000] Initializing cgroup subsys cpuacct
[    0.000000] Linux version 4.4.0-131-generic (buildd@lgw01-amd64-015) (gcc version 5.4.0 20160609 (Ubuntu 5.4.0-6ubuntu1~16.04.10) ) #157-Ubuntu SMP Thu Jul 12 15:51:36 UTC 2018 (Ubuntu 4.4.0-131.157-generic 4.4.134)
[    0.000000] Command line: BOOT_IMAGE=/boot/vmlinuz-4.4.0-131-generic root=LABEL=cloudimg-rootfs ro console=tty1 console=ttyS0
[    0.000000] KERNEL supported cpus:
[    0.000000]   Intel GenuineIntel
[    0.000000]   AMD AuthenticAMD
[    0.000000]   Centaur CentaurHauls
[    0.000000] x86/fpu: xstate_offset[2]:  576, xstate_sizes[2]:  256
[    0.000000] x86/fpu: Supporting XSAVE feature 0x01: 'x87 floating point registers'
[    0.000000] x86/fpu: Supporting XSAVE feature 0x02: 'SSE registers'
[    0.000000] x86/fpu: Supporting XSAVE feature 0x04: 'AVX registers'
[    0.000000] x86/fpu: Enabled xstate features 0x7, context size is 832 bytes, using 'standard' format.
[    0.000000] x86/fpu: Using 'eager' FPU context switches.
[    0.000000] e820: BIOS-provided physical RAM map:
[    0.000000] BIOS-e820: [mem 0x0000000000000000-0x000000000009fbff] usable
[    0.000000] BIOS-e820: [mem 0x000000000009fc00-0x000000000009ffff] reserved
[    0.000000] BIOS-e820: [mem 0x00000000000f0000-0x00000000000fffff] reserved
[    0.000000] BIOS-e820: [mem 0x0000000000100000-0x00000000dffeffff] usable
[    0.000000] BIOS-e820: [mem 0x00000000dfff0000-0x00000000dfffffff] ACPI data
[    0.000000] BIOS-e820: [mem 0x00000000fec00000-0x00000000fec00fff] reserved
[    0.000000] BIOS-e820: [mem 0x00000000fee00000-0x00000000fee00fff] reserved
[    0.000000] BIOS-e820: [mem 0x00000000fffc0000-0x00000000ffffffff] reserved
[    0.000000] BIOS-e820: [mem 0x0000000100000000-0x000000011fffffff] usable
[    0.000000] NX (Execute Disable) protection: active
[    0.000000] SMBIOS 2.5 present.
[    0.000000] Hypervisor detected: KVM
[    0.000000] e820: last_pfn = 0x120000 max_arch_pfn = 0x400000000
[    0.000000] MTRR: Disabled
[    0.000000] x86/PAT: MTRRs disabled, skipping PAT initialization too.
[    0.000000] CPU MTRRs all blank - virtualized system.
[    0.000000] x86/PAT: Configuration [0-7]: WB  WT  UC- UC  WB  WT  UC- UC  
[    0.000000] e820: last_pfn = 0xdfff0 max_arch_pfn = 0x400000000
[    0.000000] found SMP MP-table at [mem 0x0009fff0-0x0009ffff] mapped at [ffff88000009fff0]
[    0.000000] Scanning 1 areas for low memory corruption
[    0.000000] RAMDISK: [mem 0x3630c000-0x3717dfff]
[    0.000000] ACPI: Early table checksum verification disabled
[    0.000000] ACPI: RSDP 0x00000000000E0000 000024 (v02 VBOX  )
[    0.000000] ACPI: XSDT 0x00000000DFFF0030 00003C (v01 VBOX   VBOXXSDT 00000001 ASL  00000061)
[    0.000000] ACPI: FACP 0x00000000DFFF00F0 0000F4 (v04 VBOX   VBOXFACP 00000001 ASL  00000061)
[    0.000000] ACPI: DSDT 0x00000000DFFF0480 0021FF (v02 VBOX   VBOXBIOS 00000002 INTL 20160108)
[    0.000000] ACPI: FACS 0x00000000DFFF0200 000040
[    0.000000] ACPI: FACS 0x00000000DFFF0200 000040
[    0.000000] ACPI: APIC 0x00000000DFFF0240 00006C (v02 VBOX   VBOXAPIC 00000001 ASL  00000061)
[    0.000000] ACPI: SSDT 0x00000000DFFF02B0 0001CC (v01 VBOX   VBOXCPUT 00000002 INTL 20160108)
[    0.000000] No NUMA configuration found
[    0.000000] Faking a node at [mem 0x0000000000000000-0x000000011fffffff]
[    0.000000] NODE_DATA(0) allocated [mem 0x11fff7000-0x11fffbfff]
[    0.000000] kvm-clock: Using msrs 4b564d01 and 4b564d00
[    0.000000] kvm-clock: cpu 0, msr 1:1ffef001, primary cpu clock
[    0.000000] kvm-clock: using sched offset of 4192311238 cycles
[    0.000000] clocksource: kvm-clock: mask: 0xffffffffffffffff max_cycles: 0x1cd42e4dffb, max_idle_ns: 881590591483 ns
[    0.000000] Zone ranges:
[    0.000000]   DMA      [mem 0x0000000000001000-0x0000000000ffffff]
[    0.000000]   DMA32    [mem 0x0000000001000000-0x00000000ffffffff]
[    0.000000]   Normal   [mem 0x0000000100000000-0x000000011fffffff]
[    0.000000]   Device   empty
[    0.000000] Movable zone start for each node
[    0.000000] Early memory node ranges
[    0.000000]   node   0: [mem 0x0000000000001000-0x000000000009efff]
[    0.000000]   node   0: [mem 0x0000000000100000-0x00000000dffeffff]
[    0.000000]   node   0: [mem 0x0000000100000000-0x000000011fffffff]
[    0.000000] Initmem setup node 0 [mem 0x0000000000001000-0x000000011fffffff]
[    0.000000] ACPI: PM-Timer IO Port: 0x4008
[    0.000000] IOAPIC[0]: apic_id 4, version 32, address 0xfec00000, GSI 0-23
[    0.000000] ACPI: INT_SRC_OVR (bus 0 bus_irq 0 global_irq 2 dfl dfl)
[    0.000000] ACPI: INT_SRC_OVR (bus 0 bus_irq 9 global_irq 9 low level)
[    0.000000] Using ACPI (MADT) for SMP configuration information
[    0.000000] smpboot: Allowing 4 CPUs, 0 hotplug CPUs
[    0.000000] PM: Registered nosave memory: [mem 0x00000000-0x00000fff]
[    0.000000] PM: Registered nosave memory: [mem 0x0009f000-0x0009ffff]
[    0.000000] PM: Registered nosave memory: [mem 0x000a0000-0x000effff]
[    0.000000] PM: Registered nosave memory: [mem 0x000f0000-0x000fffff]
[    0.000000] PM: Registered nosave memory: [mem 0xdfff0000-0xdfffffff]
[    0.000000] PM: Registered nosave memory: [mem 0xe0000000-0xfebfffff]
[    0.000000] PM: Registered nosave memory: [mem 0xfec00000-0xfec00fff]
[    0.000000] PM: Registered nosave memory: [mem 0xfec01000-0xfedfffff]
[    0.000000] PM: Registered nosave memory: [mem 0xfee00000-0xfee00fff]
[    0.000000] PM: Registered nosave memory: [mem 0xfee01000-0xfffbffff]
[    0.000000] PM: Registered nosave memory: [mem 0xfffc0000-0xffffffff]
[    0.000000] e820: [mem 0xe0000000-0xfebfffff] available for PCI devices
[    0.000000] Booting paravirtualized kernel on KVM
[    0.000000] clocksource: refined-jiffies: mask: 0xffffffff max_cycles: 0xffffffff, max_idle_ns: 7645519600211568 ns
[    0.000000] setup_percpu: NR_CPUS:512 nr_cpumask_bits:512 nr_cpu_ids:4 nr_node_ids:1
[    0.000000] PERCPU: Embedded 34 pages/cpu @ffff88011fc00000 s99544 r8192 d3528 u524288
[    0.000000] PV qspinlock hash table entries: 256 (order: 0, 4096 bytes)
[    0.000000] Built 1 zonelists in Node order, mobility grouping on.  Total pages: 1032056
[    0.000000] Policy zone: Normal
[    0.000000] Kernel command line: BOOT_IMAGE=/boot/vmlinuz-4.4.0-131-generic root=LABEL=cloudimg-rootfs ro console=tty1 console=ttyS0
[    0.000000] PID hash table entries: 4096 (order: 3, 32768 bytes)
[    0.000000] Memory: 4027964K/4193848K available (8546K kernel code, 1313K rwdata, 4000K rodata, 1516K init, 1316K bss, 165884K reserved, 0K cma-reserved)
[    0.000000] SLUB: HWalign=64, Order=0-3, MinObjects=0, CPUs=4, Nodes=1
[    0.000000] Kernel/User page tables isolation: enabled
[    0.000000] Hierarchical RCU implementation.
[    0.000000] 	Build-time adjustment of leaf fanout to 64.
[    0.000000] 	RCU restricting CPUs from NR_CPUS=512 to nr_cpu_ids=4.
[    0.000000] RCU: Adjusting geometry for rcu_fanout_leaf=64, nr_cpu_ids=4
[    0.000000] NR_IRQS:33024 nr_irqs:456 16
[    0.000000] Console: colour VGA+ 80x25
[    0.000000] console [tty1] enabled
[    0.000000] console [ttyS0] enabled
[    0.000000] tsc: Detected 2200.014 MHz processor
[    0.769345] Calibrating delay loop (skipped) preset value.. 4400.02 BogoMIPS (lpj=8800056)
[    0.779095] pid_max: default: 32768 minimum: 301
[    0.784984] ACPI: Core revision 20150930
[    0.794416] ACPI: 2 ACPI AML tables successfully acquired and loaded
[    0.799807] Security Framework initialized
[    0.802903] Yama: becoming mindful.
[    0.806675] AppArmor: AppArmor initialized
[    0.820030] Dentry cache hash table entries: 524288 (order: 10, 4194304 bytes)
[    0.831181] Inode-cache hash table entries: 262144 (order: 9, 2097152 bytes)
[    0.839264] Mount-cache hash table entries: 8192 (order: 4, 65536 bytes)
[    0.841358] Mountpoint-cache hash table entries: 8192 (order: 4, 65536 bytes)
[    0.844628] Initializing cgroup subsys io
[    0.847498] Initializing cgroup subsys memory
[    0.849126] Initializing cgroup subsys devices
[    0.850789] Initializing cgroup subsys freezer
[    0.863645] Initializing cgroup subsys net_cls
[    0.865161] Initializing cgroup subsys perf_event
[    0.866776] Initializing cgroup subsys net_prio
[    0.868389] Initializing cgroup subsys hugetlb
[    0.869892] Initializing cgroup subsys pids
[    0.871545] CPU: Physical Processor ID: 0
[    0.875757] CPU: Processor Core ID: 0
[    0.877132] mce: CPU supports 0 MCE banks
[    0.878569] Last level iTLB entries: 4KB 512, 2MB 8, 4MB 8
[    0.880393] Last level dTLB entries: 4KB 512, 2MB 32, 4MB 32, 1GB 0
[    0.882330] Spectre V2 : Mitigation: Full generic retpoline
[    0.886124] Spectre V2 : Speculation control IBPB not-supported IBRS not-supported
[    0.888382] Speculative Store Bypass: Vulnerable
[    0.901154] Freeing SMP alternatives memory: 32K
[    0.920612] ftrace: allocating 32245 entries in 126 pages
[    1.026185] smpboot: APIC(0) Converting physical 0 to logical package 0
[    1.033585] smpboot: Max logical packages: 1
[    1.035523] x2apic enabled
[    1.038900] Switched APIC routing to physical x2apic.
[    1.043692] ..TIMER: vector=0x30 apic1=0 pin1=2 apic2=-1 pin2=-1
[    1.159097] smpboot: CPU0: Intel(R) Core(TM) i7-2720QM CPU @ 2.20GHz (family: 0x6, model: 0x2a, stepping: 0x7)
[    1.164431] Performance Events: unsupported p6 CPU model 42 no PMU driver, software events only.
[    1.169100] KVM setup paravirtual spinlock
[    1.174707] x86: Booting SMP configuration:
[    1.177272] .... node  #0, CPUs:      #1
[    1.179889] kvm-clock: cpu 1, msr 1:1ffef041, secondary cpu clock
[    1.181844] mce: CPU supports 0 MCE banks
[    1.185177]  #2
[    1.192376] kvm-clock: cpu 2, msr 1:1ffef081, secondary cpu clock
[    1.201729] mce: CPU supports 0 MCE banks
[    1.204693]  #3
[    1.205470] kvm-clock: cpu 3, msr 1:1ffef0c1, secondary cpu clock
[    1.206850] mce: CPU supports 0 MCE banks
[    1.209726] x86: Booted up 1 node, 4 CPUs
[    1.223750] smpboot: Total of 4 processors activated (17600.11 BogoMIPS)
[    1.234338] devtmpfs: initialized
[    1.244731] evm: security.selinux
[    1.252534] evm: security.SMACK64
[    1.254903] evm: security.SMACK64EXEC
[    1.256245] evm: security.SMACK64TRANSMUTE
[    1.257646] evm: security.SMACK64MMAP
[    1.258969] evm: security.ima
[    1.260151] evm: security.capability
[    1.261808] clocksource: jiffies: mask: 0xffffffff max_cycles: 0xffffffff, max_idle_ns: 7645041785100000 ns
[    1.265051] futex hash table entries: 1024 (order: 4, 65536 bytes)
[    1.268478] pinctrl core: initialized pinctrl subsystem
[    1.282677] RTC time: 18:36:42, date: 08/08/18
[    1.285576] NET: Registered protocol family 16
[    1.299958] cpuidle: using governor ladder
[    1.315834] cpuidle: using governor menu
[    1.333097] PCCT header not found.
[    1.334540] ACPI: bus type PCI registered
[    1.336075] acpiphp: ACPI Hot Plug PCI Controller Driver version: 0.5
[    1.338292] PCI: Using configuration type 1 for base access
[    1.354074] ACPI: Added _OSI(Module Device)
[    1.385106] ACPI: Added _OSI(Processor Device)
[    1.393265] ACPI: Added _OSI(3.0 _SCP Extensions)
[    1.395001] ACPI: Added _OSI(Processor Aggregator Device)
[    1.398106] ACPI: Executed 1 blocks of module-level executable AML code
[    1.409476] ACPI: Interpreter enabled
[    1.411191] ACPI: (supports S0 S5)
[    1.412817] ACPI: Using IOAPIC for interrupt routing
[    1.416340] PCI: Using host bridge windows from ACPI; if necessary, use "pci=nocrs" and report a bug
[    1.426070] ACPI: PCI Root Bridge [PCI0] (domain 0000 [bus 00-ff])
[    1.428058] acpi PNP0A03:00: _OSC: OS supports [ASPM ClockPM Segments MSI]
[    1.430215] acpi PNP0A03:00: _OSC: not requesting OS control; OS requires [ExtendedConfig ASPM ClockPM MSI]
[    1.433385] acpi PNP0A03:00: fail to add MMCONFIG information, can't access extended PCI configuration space under this bridge.
[    1.458026] PCI host bridge to bus 0000:00
[    1.461294] pci_bus 0000:00: root bus resource [io  0x0000-0x0cf7 window]
[    1.482312] pci_bus 0000:00: root bus resource [io  0x0d00-0xffff window]
[    1.484411] pci_bus 0000:00: root bus resource [mem 0x000a0000-0x000bffff window]
[    1.497107] pci_bus 0000:00: root bus resource [mem 0xe0000000-0xfdffffff window]
[    1.499867] pci_bus 0000:00: root bus resource [bus 00-ff]
[    1.504527] pci 0000:00:01.1: legacy IDE quirk: reg 0x10: [io  0x01f0-0x01f7]
[    1.506705] pci 0000:00:01.1: legacy IDE quirk: reg 0x14: [io  0x03f6]
[    1.508753] pci 0000:00:01.1: legacy IDE quirk: reg 0x18: [io  0x0170-0x0177]
[    1.511040] pci 0000:00:01.1: legacy IDE quirk: reg 0x1c: [io  0x0376]
[    1.602746] pci 0000:00:07.0: quirk: [io  0x4000-0x403f] claimed by PIIX4 ACPI
[    1.620204] pci 0000:00:07.0: quirk: [io  0x4100-0x410f] claimed by PIIX4 SMB
[    1.674047] ACPI: PCI Interrupt Link [LNKA] (IRQs 5 9 10 *11)
[    1.688795] ACPI: PCI Interrupt Link [LNKB] (IRQs 5 9 *10 11)
[    1.697403] ACPI: PCI Interrupt Link [LNKC] (IRQs 5 *9 10 11)
[    1.700766] ACPI: PCI Interrupt Link [LNKD] (IRQs 5 9 10 *11)
[    1.706712] ACPI: Enabled 2 GPEs in block 00 to 07
[    1.716190] vgaarb: setting as boot device: PCI:0000:00:02.0
[    1.736950] vgaarb: device added: PCI:0000:00:02.0,decodes=io+mem,owns=io+mem,locks=none
[    1.743531] vgaarb: loaded
[    1.748052] vgaarb: bridge control possible 0000:00:02.0
[    1.751805] SCSI subsystem initialized
[    1.755097] ACPI: bus type USB registered
[    1.757054] usbcore: registered new interface driver usbfs
[    1.759498] usbcore: registered new interface driver hub
[    1.762047] usbcore: registered new device driver usb
[    1.764841] PCI: Using ACPI for IRQ routing
[    1.767464] NetLabel: Initializing
[    1.769266] NetLabel:  domain hash size = 128
[    1.771363] NetLabel:  protocols = UNLABELED CIPSOv4
[    1.773378] NetLabel:  unlabeled traffic allowed by default
[    1.780876] amd_nb: Cannot enumerate AMD northbridges
[    1.782659] clocksource: Switched to clocksource kvm-clock
[    1.799089] AppArmor: AppArmor Filesystem Enabled
[    1.800886] pnp: PnP ACPI init
[    1.804211] pnp: PnP ACPI: found 3 devices
[    1.821677] clocksource: acpi_pm: mask: 0xffffff max_cycles: 0xffffff, max_idle_ns: 2085701024 ns
[    1.824752] NET: Registered protocol family 2
[    1.826606] TCP established hash table entries: 32768 (order: 6, 262144 bytes)
[    1.829288] TCP bind hash table entries: 32768 (order: 7, 524288 bytes)
[  1.832243] TCP: Hash tables configured (established 32768 bind 32768)
[    1.910597] UDP hash table entries: 2048 (order: 4, 65536 bytes)
[    1.913331] UDP-Lite hash table entries: 2048 (order: 4, 65536 bytes)
[    1.916025] NET: Registered protocol family 1
[    1.917989] pci 0000:00:00.0: Limiting direct PCI/PCI transfers
[    1.920398] pci 0000:00:01.0: Activating ISA DMA hang workarounds
[    1.923117] Unpacking initramfs...

[    2.329460] Freeing initrd memory: 14792K
[   2.332154] PCI-DMA: Using software bounce bufferg for IO (SWIOTLB)
[    2.457460] software IO TLB [mem 0xdbff0000-0xdfff0000] (64MB) mapped at [ffff8800dbff0000-ffff8800dffeffff]
[    2.462776] RAPL PMU detected, API unit is 2^-32 Joules, 3 fixed counters 10737418240 ms ovfl timer
[  2.467707] hw unit of domain pp0-core 2^-0 Joules
[    2.545634] hw unit of domain package 2^-0 Joules
[    2.548117] hw unit of domain pp1-gpu 2^-0 Joules
[    2.550890] platform rtc_cmos: registered platform RTC device (no PNP device found)
[    2.555510] Scanning for low memory corruption every 60 seconds
[    2.558607] audit: initializing netlink subsys (disabled)
[    2.562545] audit: type=2000 audit(1533753408.113:1): initialized
[    2.565731] Initialise system trusted keyring

[    2.568237] HugeTLB registered 2 MB page size, pre-allocated 0 pages
[    2.572862] zbud: loaded
[    2.574804] VFS: Disk quotas dquot_6.6.0
[    2.576301] VFS: Dquot-cache hash table entries: 512 (order 0, 4096 bytes)
[    2.578869] sqshfs: version4.0 2009/1/31) Phillip Lougher
[    2.800269] fuse init (API version 7.23)
[    2.805494] Key type big_key registered
[    2.807995] Allocating IMA MOK and blacklist keyrings.
[    2.817433] Key type asymmetric registered
[    2.820094] Asymmetric key parser 'x509' registered
[    2.824044] Block layer SCSI generic (bsg) driver version 0.4 loaded (major 249)
[    2.829151] io scheduler noop registered
[    2.830556] io scheduler deadline registered (default)
[    2.840461] io scheduler cfq registered
[    2.842718] pci_hotplug: PCI Hot Plug PCI Core version: 0.5
[    2.845665] pciehp: PCI Express Hot Plug Controller Driver version: 0.4
[    2.849245] ACPI: AC Adapter [AC] (on-line)
[    2.851451] input: Power Button as /devices/LNXSYSTM:00/LNXPWRBN:00/input/input0
[    2.854127] ACPI: Power Button [PWRF]
[    2.855749] input: Sleep Button as /devices/LNXSYSTM:00/LNXSLPBN:00/input/input1
[    2.864325] ACPI: Sleep Button [SLPF]
[    2.866484] GHES: HEST is not enabled!
[    2.867712] ACPI: Battery Slot [BAT0] (battery present)
[    2.875009] Serial: 8250/16550 driver, 32 ports, IRQ sharing enabled
[    2.900873] 00:02: ttyS0 at I/O 0x3f8 (irq = 4, base_baud = 115200) is a 16550A
[    2.907299] Linux agpgart interface v0.103
[    2.913478] loop: module loaded
[    2.916468] scsi host0: ata_piix
[    2.919676] scsi host1: ata_piix
[    2.924492] ata1: PATA max UDMA/33 cmd 0x1f0 ctl 0x3f6 bmdma 0xd000 irq 14
[    2.928446] ata2: PATA max UDMA/33 cmd 0x170 ctl 0x376 bmdma 0xd008 irq 
[    308599] libphy: Fixed MDIO Bus: probed
[    3.084427] tun: Universal TUN/TAP device driver, 1.6
[    3.086082] tun: (C) 1999-204axranysk<mk@qualcomm.com>
[    3.521522] PPP generic driver version 2.4.2
[    3.523466] ehci_hcd: USB 2.0 'Enhanced' Host Controller (EHCI) Driver
[    3.525679] ehci-pci: EHCI PCI platform driver
[    3.527356] ehci-platform: EHCI generic platform driver
[    3.529395] ohci_hcd: USB 1.1 'Open' Host Controller (OHCI) Driver
[    3.531593] ohci-pci: OHCI PCI platform driver
[    3.533333] ohci-platform: OHCI generic platform driver
[    3.535264] uhci_hcd: USB Universal Host Controller Interface driver
[    3.537691] i8042: PNP: PS/2 Controller [PNP0303:PS2K,PNP0f03:PS2M] at 0x60,0x64 irq 1,12
[    3.541777] serio: i8042 KBD port at 0x60,0x64 irq 1
[    3.543703] serio: i80 AX ort at 0600x64 irq 12
[    3.801047] tsc: Refined TSC clocksource calibration: 2199.185 MHz
[    3.801330] mousedev: PS/2 mouse device common for all mice
[    3.802135] rtc_cmos rtc_cmos: rtc core: registered rtc_cmos as rtc0
[    3.802417] input: AT Translated Set 2 keyboard as /devices/platform/i8042/serio0/input/input2
[    3.802510] rtc_cmos rtc_cmos: alarms up to one day, 114 bytes nvram
[    3.802523] i2c /dev entries driver
[    3.802743] device-mapper: uevent: version 1.0.3
[    3.802903] device-mapper: ioctl: 4.34.0-ioctl (2015-10-28) initialised: dm-devel@redhat.com
[    3.802934] ledtrig-cpu: registered to indicate activity on CPUs
[    3.804034] NET: Registered protocol family 10
[    3.804425] NET: Registered protocol family 17
[    3.804442] Key type dns_resolver registered
[    3.804955] registered taskstats version 1
[    3.804988] Loading compiled-in X.509 certificates
[    3.806341] Loaded X.509 cert 'Build time autogenerated kernel key: 8f274abdf49cd12572c1533a34d1eafea768213f'
[    3.806375] zswap: loaded using pool lzo/zbud
[    3.811227] Key type trusted registered
[    3.819843] Key type encrypted registered
[    3.819854] AppArmor: AppArmor sha1 policy hashing enabled
[    3.819884] ima: No TPM chip found, activating TPM-bypass!
[    3.819896] ima: Allocated hash algorithm: sha1
[    3.819927] evm: HMAC attrs: 0x1
[    3.820592]   Magic number: 14:104:645
[    3.836500] rtc_cmos rtc_cmos: setting system clock to 2018-08-08 18:36:45 UTC (1533753405)
[    3.836931] BIOS EDD facility v0.16 2004-Jun-25, 0 devices found
[    3.836932] EDD information not available.
[    4.004038] clocksource: tsc: mask: 0xffffffffffffffff max_cycles: 0x1fb3311aad9, max_idle_ns: 440795275821 ns
[    4.013677] Freeing unused kernel memory: 1516K
[    4.034917] Write protecting the kernel read-only data: 14336k
[    4.039841] Freeing unused kernel memory: 1680K
[    4.043174] Freeing unused kernel memory: 96K
Loading, please wait...
starting version[    4.089004] random: systemd-udevd: uninitialized urandom read (16 bytes read, 3 bits of entropy available)
 229
[    4.090517] random: udevadm: uninitialized urandom read (16 bytes read, 3 bits of entropy available)
[    4.090568] random: udevadm: uninitialized urandom read (16 bytes read, 3 bits of entropy available)
[    4.102880] random: systemd-udevd: uninitialized urandom read (16 bytes read, 3 bits of entropy available)
[    4.106087] random: systemd-udevd: uninitialized urandom read (16 bytes read, 3 bits of entropy available)
[    4.111700] random: systemd-udevd: uninitialized urandom read (16 bytes read, 3 bits of entropy available)
[    4.116923] random: systemd-udevd: uninitialized urandom read (16 bytes read, 3 bits of entropy available)
[    4.120353] random: systemd-udevd: uninitialized urandom read (16 bytes read, 3 bits of entropy available)
[    4.121622] random: udevadm: uninitialized urandom read (16 bytes read, 3 bits of entropy available)
[    4.121729] random: udevadm: uninitialized urandom read (16 bytes read, 3 bits of entropy available)
[    4.206099] Fusion MPT base driver 3.04.20
[    4.212003] Copyright (c) 1999-2008 LSI Corporation
[    4.240034] e1000: Intel(R) PRO/1000 Network Driver - version 7.3.21-k8-NAPI
[    4.243205] e1000: Copyright (c) 1999-2006 Intel Corporation.
[    4.245930] Fusion MPT SPI Host driver 3.04.20
[    4.288943] AVX version of gcm_enc/dec engaged.
[    4.316634] AES CTR mode by8 optimization enabled
[    4.439647] input: ImExPS/2 Generic Explorer Mouse as /devices/platform/i8042/serio1/input/input4
[    4.897905] e1000 0000:00:03.0 eth0: (PCI:33MHz:32-bit) 02:54:ad:ea:60:2e
[    4.900814] e1000 0000:00:03.0 eth0: Intel(R) PRO/1000 Network Connection
[    5.369902] e1000 0000:00:08.0 eth1: (PCI:33MHz:32-bit) 08:00:27:87:82:62
[    5.372932] e1000 0000:00:08.0 eth1: Intel(R) PRO/1000 Network Connection
[    5.377306] mptbase: ioc0: Initiating bringup
[    5.377902] e1000 0000:00:03.0 enp0s3: renamed from eth0
[    5.399289] e1000 0000:00:08.0 enp0s8: renamed from eth1
[    5.447161] ioc0: LSI53C1030 A0: Capabilities={Initiator}
[    5.867508] scsi host2: ioc0: LSI53C1030 A0, FwRev=00000000h, Ports=1, MaxQ=256, IRQ=20
[    6.326827] scsi 2:0:0:0: Direct-Access     VBOX     HARDDISK         1.0  PQ: 0 ANSI: 5
[    6.329761] scsi target2:0:0: Beginning Domain Validation
[    6.351656] scsi target2:0:0: Domain Validation skipping write tests
[    6.356080] scsi target2:0:0: Ending Domain Validation
[    6.358479] scsi target2:0:0: asynchronous
[    6.361751] scsi 2:0:1:0: Direct-Access     VBOX     HARDDISK         1.0  PQ: 0 ANSI: 5
[    6.365379] scsi target2:0:1: Beginning Domain Validation
[    6.370833] scsi target2:0:1: Domain Validation skipping write tests
[    6.373514] scsi target2:0:1: Ending Domain Validation
[    6.375895] scsi target2:0:1: asynchronous
[    6.392486] sd 2:0:0:0: [sda] 20971520 512-byte logical blocks: (10.7 GB/10.0 GiB)
[    6.396259] sd 2:0:0:0: Attached scsi generic sg0 type 0
[    6.398819] sd 2:0:0:0: [sda] Write Protect is off
[    6.401455] sd 2:0:0:0: [sda] Incomplete mode parameter data
[    6.404000] sd 2:0:0:0: [sda] Assuming drive cache: write through
[    6.408328] sd 2:0:1:0: [sdb] 20480 512-byte logical blocks: (10.5 MB/10.0 MiB)
[    6.408901] sd 2:0:1:0: Attached scsi generic sg1 type 0
[    6.415577] sd 2:0:1:0: [sdb] Write Protect is off
[    6.417590] sd 2:0:1:0: [sdb] Incomplete mode parameter data
[    6.419523] sd 2:0:1:0: [sdb] Assuming drive cache: write through
[    6.458664]  sda: sda1
[    6.462865] sd 2:0:0:0: [sda] Attached SCSI disk
[    6.475102] sd 2:0:1:0: [sdb] Attached SCSI disk
Begin: Loading essential drivers ... [    8.221453] md: linear personality registered for level -1
[    8.229302] md: multipath personality registered for level -4
[    8.236561] md: raid0 personality registered for level 0
[    8.244875] md: raid1 personality registered for level 1
[    8.326814] raid6: sse2x1   gen()  4114 MB/s
[    8.395240] raid6: sse2x1   xor()  3358 MB/s
[    8.490702] raid6: sse2x2   gen()  5366 MB/s
[    8.575861] raid6: sse2x2   xor()  3925 MB/s
[    8.675854] raid6: sse2x4   gen()  6698 MB/s
[    8.744274] raid6: sse2x4   xor()  4284 MB/s
[    8.746416] raid6: using algorithm sse2x4 gen() 6698 MB/s
[    8.748513] raid6: .... xor() 4284 MB/s, rmw enabled
[    8.750372] raid6: using ssse3x2 recovery algorithm
[    8.770404] xor: automatically using best checksumming function:
[    8.810707]    avx       : 13844.000 MB/sec
[    8.814882] async_tx: api initialized (async)
[    8.830239] md: raid6 personality registered for level 6
[    8.832365] md: raid5 personality registered for level 5
[    8.834363] md: raid4 personality registered for level 4
[    8.848224] md: raid10 personality registered for level 10
done.
Begin: Running /scripts/init-premount ... done.
Begin: Mounting root file system ... Begin: Running /scripts/local-top ... done.
Begin: Running /scripts/local-premount ... [    8.907115] Btrfs loaded
Scanning for Btrfs filesystems
done.
Warning: fsck not present, so skipping root file system
[    9.019273] EXT4-fs (sda1): mounted filesystem with ordered data mode. Opts: (null)
done.
Begin: Running /scripts/local-bottom ... done.
Begin: Running /scripts/init-bottom ... done.
[    9.961083] systemd[1]: systemd 229 running in system mode. (+PAM +AUDIT +SELINUX +IMA +APPARMOR +SMACK +SYSVINIT +UTMP +LIBCRYPTSETUP +GCRYPT +GNUTLS +ACL +XZ -LZ4 +SECCOMP +BLKID +ELFUTILS +KMOD -IDN)
[    9.969260] systemd[1]: Detected virtualization oracle.
[    9.971704] systemd[1]: Detected architecture x86-64.

Welcome to [1mUbuntu 16.04.5 LTS[0m!

[   10.031331] systemd[1]: Set hostname to <ubuntu>.
[  1.0231]rado: nonblocking pool is initialized
[   1.36456] systemd[1]: Initializing machine ID from random generator.
[   10.447610] systemd[1]: Installed transient /etc/machine-id file.

[   11.739857] systemd[1]: Listening on /dev/initctl Compatibility Named Pipe.
[[0;32m  OK  [0m] Listening on /dev/initctl Compatibility Named Pipe.
[   11.744895] systemd[1]: Listening on Journal Socket (/dev/log).
[[0;32m  OK  [0m] Listening on Journal Socket (/dev/log).
[   11.749136] systemd[1]: Listening on Deice-mapper event daemon FIFOs.
[[0;32m  OK  [0m] Listening on Device-mapper event daemon FIFOs.
[   11.797523] systemd[1]: Listening on Journal Audit Socket.
[[0;32m  OK  [0m] Listening on Journal Audit Socket.
[   11.802483] systemd[1]: Created slice System Slice.
[[0;32m  OK  [0m] Created slice System Slice.
[   11.806260] systemd[1]: Listening on Journal Socket.
[[0;32m  OK  [0m] Listening on Journal Socket.
[   11.822974] systemd[1]: Mounting POSIX Message Queue File System...
         Mounting POSIX Message Queue File System...
[   11.827644] systemd[1]: Listening on LVM2 poll daemon socket.
[[0;32m  OK  [0m] Listening on LVM2 poll daemon socket.
[   11.831413] systemd[1]: Started Forward Password Requests to Wall Directory Watch.
[[0;32m  OK  [0m] Started Forward Password Requests to Wall Directory Watch.
[   11.838307] systemd[1]: Created slice system-serial\x2dgetty.slice.
[[0;32m  OK  [0m] Created slice system-serial\x2dgetty.slice.
[   11.844380] systemd[1]: Reached target User and Group Name Lookups.
[[0;32m  OK  [0m] Reached target User and Group Name Lookups.
[   11.877985] systemd[1]: Listening on LVM2 metadaa daemon socket.
[[0;32m  OK  [0m] Listening on LVM2 metadata daemon socket.
[   11.976400] systemd[1]: Starting Remount Root and Kernel File Systems...
         Starting Remount Root and Kernel File Systems...
[   11.991490] systemd[1]: Starting Uncomplicated firewall...
[   11.995498] EXT4-fs (sda1): re-mounted. Opts: (null)
         Starting Uncomplicated firewall...
[   12.035137] systemd[1]: Starting Set console keymap...
         Starting Set console keymap...
[   12.045475] systemd[1]: Set up automount Arbitrary Executable File Formats File System Automount Point.
[[0;32m  OK  [0m] Set up automount Arbitrary Executab...ats File System Automount Point.
[   12.052415] systemd[1]: Created slice User and Session Slice.
[[0;32m  OK  [0m] Created slice User and Session Slice.
[   12.056130] systemd[1]: Listening on udev Kernel Socket.
[[0;32m  OK  [0m] Listening on udev Kernel Socket.
[   12.059524] systemd[1]: Reached target Slices.
[[0;32m  OK  [0m] Reached target Slices.
[   12.063472] systemd[1]: Reached target System Time Synchronized.
[[0;32m  OK  [0m] Reached target System Time Synchronized.
[   12.070977] systemd[1]: Starting Monitoring of LVM2 mirrors, snapshots etc. using dmeventd or progress polling...
         Starting Monitoring of LVM2 mirrors... dmeventd or progress polling...
[   12.076967] systemd[1]: Reached target Encrypted Volumes.
[[0;32m  OK  [0m] Reached target Encrypted Volumes.
[   12.080503] systemd[1]: Started Trigger resolvconf update for networkd DNS.
[[0;32m  OK  [0m] Started Trigger resolvconf update for networkd DNS.
[   12.125505] systemd[1]: Listening on udev Control Socket.
[[0;32m  OK  [0m] Listening on udev Control Socket.
[   12.131992] systemd[1]: Reached target Swap.
[[0;32m  OK  [0m] Reached target Swap.
[   12.182972] systemd[1]: Mounting Debug File System...
         Mounting Debug File System...
[   12.206911] systemd[1]: Mounting Huge Pages File System...
         Mounting Huge Pages File System...
[   12.315109] systemd[1]: Starting Load Kernel Modules...
         Starting Load Kernel Modules...
[   12.323005] systemd[1]: Starting Nameserver information manager...
         Starting Nameserver information manager...
[   12.336668] systemd[1]: Starting Create list of required static device nodes for the current kernel...
         Starting Create list of required st... nodes for the current kernel...
[   12.355384] systemd[1]: Listening on Syslog Socket.
[[0;32m  OK  [0m] Listening on Syslog Socket.
[   12.361208] systemd[1]: Starting Journal Service...
         Starting Journal Service...
[   12.371702] systemd[1]: Mounted Debug File System.
[[0;32m  OK  [0m] Mounted Debug File System.
[   12.378342] systemd[1]: Mounted POSIX Message Queue File System.
[[0;32m  OK  [0m] Mounted POSIX Message Queue File System.
[   12.399420] systemd[1]: Mounted Huge Pages File System.
[[0;32m  OK  [0m] Mounted Huge Pages File System.
[   12.429651] systemd[1]: Started Remount Root and Kernel File Systems.
[[0;32m  OK  [0m] Started Remount Root and Kernel File Systems.
[   12.437398] systemd[1]: Started Uncomplicated firewall.
[   12.440039] Loading iSCSI transport class v2.0-870.
[[0;32m  OK  [0m] Started Uncomplicated firewall.
[   12.445571] systemd[1]: Started Set console keymap.
[[0;32m  OK  [0m] Started Set console keymap.
[   12.476400] systemd[1]: Started Create list of required static device nodes for the current kernel.
[[0;32m  OK  [0m] Started Create list of required sta...ce nodes for the current kernel.
[   12.504990] iscsi: registered transport (tcp)
[   12.535136] systemd[1]: Started Nameserver information manager.
[[0;32m  OK  [0m] Started Nameserver information manager.
[   12.663212] systemd[1]: Started LVM2 metadata daemon.
[[0;32m  OK  [0m] Started LVM2 metadata daemon.
[   12.672886] systemd[1]: Starting Create Static Device Nodes in /dev...
         Starting Create Static Device Nodes in /dev...
[   12.767652] systemd[1]: Starting udev Coldplug all Devices...
         Starting udev Coldplug all Devices...
[   12.780287] systemd[1]: Starting Load/Save Random Seed...
         Starting Load/Sa[   12.784064] iscsi: registered transport (iser)
ve Random Seed...
[   12.808894] systemd[1]: Started Journal Service.
[[0;32m  OK  [0m] Started Journal Service.
[[0;32m  OK  [0m] Started Load Kernel Modules.
         Mounting FUSE Control File System...
         Starting Apply Kernel Variables...
         Starting Flush Journal to Persistent Storage...
[[0;32m  OK  [0m] Mounted FUSE Control File System.
[[0;32m  OK  [0m] Started Load/Save Random Seed.
[[0;32m  OK  [0m] Started udev Coldplug all Devices.
[   13.015226] systemd-journald[419]: Received request to flush runtime journal from PID 1
[[0;32m  OK  [0m] Started Flush Journal to Persistent Storage.
[[0;32m  OK  [0m] Started Monitoring of LVM2 mirrors,...ng dmeventd or progress polling.
[[0;32m  OK  [0m] Started Apply Kernel Variables.
[[0;32m  OK  [0m] Started Create Static Device Nodes in /dev.
         Starting udev Kernel Device Manager...
[[0;32m  OK  [0m] Started udev Kernel Device Manager.
[[0;32m  OK  [0m] Reached target Local File Systems (Pre).
[[0;32m  OK  [0m] Reached target Local File Systems.
         Starting Create Volatile Files and Directories...
         Starting Commit a transient machine-id on disk...
         Starting Initial cloud-init job (pre-networking)...
         Starting Set console font and keymap...
         Starting Tell Plymouth To Write Out Runtime Data...
         Starting LSB: AppArmor initialization...
[[0;32m  OK  [0m] Started Dispatch Password Requests to Console Directory Watch.
[[0;32m  OK  [0m] Started Commit a transient machine-id on disk.
[[0;32m  OK  [0m] Started Tell Plymouth To Write Out Runtime Data.
[[0;32m  OK  [0m] Found device /dev/ttyS0.
[[0;32m  OK  [0m] Started Create Volatile Files and Directories.
         Starting Update UTMP about System Boot/Shutdown...
[[0;32m  OK  [0m] Started Update UTMP about System Boot/Shutdown.
[[0;32m  OK  [0m] Listening on Load/Save RF Kill Switch Status /dev/rfkill Watch.
[[0;32m  OK  [0m] Started Set console font and keymap.
[[0;32m  OK  [0m] Created slice system-getty.slice.
[[0;32m  OK  [0m] Started LSB: AppArmor initialization.
[   24.648251] cloud-init[508]: Cloud-init v. 18.3-9-g2e62cb8a-0ubuntu1~16.04.2 running 'init-local' at Wed, 08 Aug 2018 18:37:06 +0000. Up 23.30 seconds.
[[0;32m  OK  [0m] Started Initial cloud-init job (pre-networking).
[[0;32m  OK  [0m] Reached target Network (Pre).
         Starting Raise network interfaces...
[[0;32m  OK  [0m] Started Raise network interfaces.
         Starting Initial cloud-init job (metadata service crawler)...
[[0;32m  OK  [0m] Reached target Network.
[   30.293143] cloud-init[971]: Cloud-init v. 18.3-9-g2e62cb8a-0ubuntu1~16.04.2 running 'init' at Wed, 08 Aug 2018 18:37:09 +0000. Up 26.32 seconds.
[   30.298299] cloud-init[971]: ci-info: ++++++++++++++++++++++++++++++++++++++Net device info+++++++++++++++++++++++++++++++++++++++
[   30.311975] cloud-init[971]: ci-info: +--------+-------+----------------------------+---------------+--------+-------------------+
[   30.330158] cloud-init[971]: ci-info: | Device |   Up  |          Address           |      Mask     | Scope  |     Hw-Address    |
[   30.353055] cloud-init[971]: ci-info: +--------+-------+----------------------------+---------------+--------+-------------------+
[   30.393103] cloud-init[971]: ci-info: | enp0s3 |  True |         10.0.2.15          | 255.255.255.0 | global | 02:54:ad:ea:60:2e |
[   30.400620] cloud-init[971]: ci-info: | enp0s3 |  True | fe80::54:adff:feea:602e/64 |       .       |  link  | 02:54:ad:ea:60:2e |
[   30.407774] cloud-init[971]: ci-info: | enp0s8 | False |             .              |       .       |   .    | 08:00:27:87:82:62 |
[   30.415843] cloud-init[971]: ci-info: |   lo   |  True |         127.0.0.1          |   255.0.0.0   |  host  |         .         |
[   30.416363] cloud-init[971]: ci-info: |   lo   |  True |          ::1/128           |       .       |  host  |         .         |
[   30.416721] cloud-init[971]: ci-info: +--------+-------+----------------------------+---------------+--------+-------------------+
[   30.417087] cloud-init[971]: ci-info: +++++++++++++++++++++++++++Route IPv4 info++++++++++++++++++++++++++++
[   30.417451] cloud-init[971]: ci-info: +-------+-------------+----------+---------------+-----------+-------+
[   30.417817] cloud-init[971]: ci-info: | Route | Destination | Gateway  |    Genmask    | Interface | Flags |
[   30.418183] cloud-init[971]: ci-info: +-------+-------------+----------+---------------+-----------+-------+
[   30.418557] cloud-init[971]: ci-info: |   0   |   0.0.0.0   | 10.0.2.2 |    0.0.0.0    |   enp0s3  |   UG  |
[   30.418952] cloud-init[971]: ci-info: |   1   |   10.0.2.0  | 0.0.0.0  | 255.255.255.0 |   enp0s3  |   U   |
[   30.419305] cloud-init[971]: ci-info: +-------+-------------+----------+---------------+-----------+-------+
[   30.422119] cloud-init[971]: ci-info: +++++++++++++++++++Route IPv6 info+++++++++++++++++++
[   30.423035] cloud-init[971]: ci-info: +-------+-------------+---------+-----------+-------+
[   30.423775] cloud-init[971]: ci-info: | Route | Destination | Gateway | Interface | Flags |
[[0;32m  OK  [0m] Started Initial cloud-init job (metadata service crawler).
[   30.424459] cloud-init[971]: ci-info: +-------+-------------+---------+-----------+-------+
[   30.618943] cloud-init[971]: ci-info: |   0   |  fe80::/64  |    ::   |   enp0s3  |   U   |
[   30.619708] cloud-init[971]: ci-info: |   3   |   ff00::/8  |    ::   |   enp0s3  |   U   |
[[0;32m  OK  [0m] Reached target Cloud-config availability.
[   30.620155] cloud-init[971]: ci-info: +-------+-------------+---------+-----------+-------+
[   30.630054] cloud-init[971]: Generating public/private rsa key pair.
[   30.630453] cloud-init[971]: Your identification has been saved in /etc/ssh/ssh_host_rsa_key.
[   30.631000] cloud-init[971]: Your public key has been saved in /etc/ssh/ssh_host_rsa_key.pub.
[   30.631512] cloud-init[971]: The key fingerprint is:
[   30.632059] cloud-init[971]: SHA256:2Kl4lR4fLJmS8H5mWQIJnfqb86wWIwyO++uBueAQi+I root@ubuntu-xenial
[   30.632538] cloud-init[971]: The key's randomart image is:
[   30.632995] cloud-init[971]: +---[RSA 2048]----+
[   30.633475] cloud-init[971]: |    .. .         |
[   30.633973] cloud-init[971]: |     .o.         |
[   30.634235] cloud-init[971]: |    ..o          |
[[0;32m  OK  [0m] Reached target Network is Online.
[   30.634580] cloud-init[971]: |  . .o = *       |
[   30.666626] cloud-init[971]: |.o o .= S +      |
[   30.674176] cloud-init[971]: |o=. oo+= B .     |
[   30.684590] cloud-init[971]: |O.. ..+=* .      |
[   30.685206] cloud-init[971]: |B. . .==         |
         Starting iSCSI initiator daemon (iscsid)...
[[0;32m  OK  [0m] Reached target System Initialization.
[   30.685598] cloud-init[971]: |.E+. ..+o        |
[   30.706410] cloud-init[971]: +----[SHA256]-----+
[   30.713759] cloud-init[971]: Generating public/private dsa key pair.
[   30.736512] cloud-init[971]: Your identification has been saved in /etc/ssh/ssh_host_dsa_key.
[[0;32m  OK  [0m] Started ACPI Events Check.
[[0;32m  OK  [0m] Reached target Paths.
[   30.743615] cloud-init[971]: Your public key has been saved in /etc/ssh/ssh_host_dsa_key.pub.
[   30.749768] cloud-init[971]: The key fingerprint is:
[   30.750150] cloud-init[971]: SHA256:nCp5/Cb87RKgd0StPx0QVV05PrN+arLL5paWlSFD1Gg root@ubuntu-xenial
[   30.750527] cloud-init[971]: The key's randomart image is:
[   30.751274] cloud-init[971]: +---[DSA 1024]----+
[   30.751771] cloud-init[971]: |         ..+o+..+|
[   30.752821] cloud-init[971]: |        . o E .o.|
[   30.753288] cloud-init[971]: |       . . +  . .|
[   30.753783] cloud-init[971]: |      ..o.  + .+ |
[   30.754047] cloud-init[971]: |     . oS. . + o+|
[   30.754574] cloud-init[971]: |    .o..o o . o. |
[   30.755073] cloud-init[971]: |    oo+. . . +.  |
[   30.755409] cloud-init[971]: |     oo.o. .B ...|
[   30.755782] cloud-init[971]: |       +ooo===...|
[   30.756273] cloud-init[971]: +----[SHA256]-----+
[   30.756589] cloud-init[971]: Generating public/private ecdsa key pair.
[   30.757226] cloud-init[971]: Your identification has been saved in /etc/ssh/ssh_host_ecdsa_key.
[   30.757456] cloud-init[971]: Your public key has been saved in /etc/ssh/ssh_host_ecdsa_key.pub.
[[0;32m  OK  [0m] Listening on UUID daemon activation socket.
[   30.757697] cloud-init[971]: The key fingerprint is:
[   30.840944] cloud-init[971]: SHA256:JJrizS90tk2w1RDnDEc4vUCFvPso2kT9p+PhM8AVO0w root@ubuntu-xenial
[   30.841564] cloud-init[971]: The key's randomart image is:
[[0;32m  OK  [0m] Started Daily apt download activities.
[   30.841896] cloud-init[971]: +---[ECDSA 256]---+
[   30.890266] cloud-init[971]: |       o+B=      |
[   30.892584] cloud-init[971]: |        B*E      |
[[0;32m  OK  [0m] Listening on D-Bus System Message Bus Socket.
[   30.893746] cloud-init[971]: |      . .Oo+     |
[   30.913278] cloud-init[971]: |     o.+o B      |
[[0;32m  OK  [0m] Started Daily Cleanup of Temporary Directories.
[[   30.913587] cloud-init[971]: |  . o .=So .     |
[   30.923201] cloud-init[971]: | . +..+ =.       |
[   30.923784] cloud-init[971]: |  ..oo.+ +o .    |
[   30.924717] cloud-init[971]: |    .+o o.=+     |
[   30.925182] cloud-init[971]: |    .oo. .++     |
[   30.925688] cloud-init[971]: +----[SHA256]-----+
[   30.926279] cloud-init[971]: Generating public/private ed25519 key pair.
[   30.926795] cloud-init[971]: Your identification has been saved in /etc/ssh/ssh_host_ed25519_key.
[   30.927286] cloud-init[971]: Your public key has been saved in /etc/ssh/ssh_host_ed25519_key.pub.
[   30.927752] cloud-init[971]: The key fingerprint is:
[   30.928531] cloud-init[971]: SHA256:G+/y6k2bcOOOyMrA9b9uQTY99VTnHO6cIm5I4cDGUYc root@ubuntu-xenial
[   30.929007] cloud-init[971]: The key's randomart image is:
[   30.929565] cloud-init[971]: +--[ED25519 256]--+
[   30.930248] cloud-init[971]: |       .....   oo|
[   30.930769] cloud-init[971]: |      o .E. . ooo|
[   30.931903] cloud-init[971]: |       = o . o .o|
[   30.932536] cloud-init[971]: |      . * +   + .|
[   30.933086] cloud-init[971]: |    .  oS+ o . + |
[   30.933298] cloud-init[971]: | . . .  o+o . .  |
[   30.933786] cloud-init[971]: |  o   . oo=o     |
[   30.934290] cloud-init[971]: |   o . ooO.+     |
[   30.934846] cloud-init[971]: |    o.o+B*O      |
[   30.935317] cloud-init[971]: +----[SHA256]-----+
[0;32m  OK  [0m] Listening on ACPID Listen Socket.
[[0;32m  OK  [0m] Started Daily apt upgrade and clean activities.
         Starting Socket activation for snappy daemon.
         Starting LXD - unix socket.
[[0;32m  OK  [0m] Reached target Timers.
[[0;32m  OK  [0m] Listening on Socket activation for snappy daemon.
[[0;32m  OK  [0m] Listening on LXD - unix socket.
[[0;32m  OK  [0m] Reached target Sockets.
[[0;32m  OK  [0m] Reached target Basic System.
[[0;32m  OK  [0m] Started Regular background program processing daemon.
[[0;32m  OK  [0m] Started D-Bus System Message Bus.
         Starting LXD - container startup/shutdown...
         Starting Pollinate to seed the pseudo random number generator...
[[0;32m  OK  [0m] Started FUSE filesystem for LXC.
[[0;32m  OK  [0m] Started Deferred execution scheduler.
         Starting Login Service...
[[0;32m  OK  [0m] Started Unattended Upgrades Shutdown.
         Starting /etc/rc.local Compatibility...
         Starting LSB: MD monitoring daemon...
         Starting System Logging Service...
         Starting Accounts Service...
         Starting LSB: Record successful boot for GRUB...
         Starting Virtualbox guest utils...
[[0;32m  OK  [0m] Started ACPI event daemon.
         Starting Snappy daemon...
[[0;32m  OK  [0m] Started iSCSI initiator daemon (iscsid).
[[0;32m  OK  [0m] Started /etc/rc.local Compatibility.
         Starting Login to default iSCSI targets...
[[0;32m  OK  [0m] Started Login Service.
[[0;32m  OK  [0m] Started LSB: MD monitoring daemon.
[[0;32m  OK  [0m] Started System Logging Service.
[[0;32m  OK  [0m] Started LSB: Record successful boot for GRUB.
[[0;32m  OK  [0m] Started Login to default iSCSI targets.
[[0;32m  OK  [0m] Reached target Remote File Systems (Pre).
[[0;32m  OK  [0m] Reached target Remote File Systems.
         Starting LSB: automatic crash report generation...
         Starting LSB: daemon to balance interrupts for SMP systems...
         Starting Permit User Sessions...
         Starting LSB: Set the CPU Frequency Scaling governor to "ondemand"...
[[0;32m  OK  [0m] Started LSB: Set the CPU Frequency Scaling governor to "ondemand".
[[0;32m  OK  [0m] Started Permit User Sessions.
         Starting Hold until boot process finishes up...
         Starting Terminate Plymouth Boot Screen...
[[0;32m  OK  [0m] Started LSB: automatic crash report generation.
[[0;32m  OK  [0m] Started Hold until boot process finishes up.
[[0;32m  OK  [0m] Started Terminate Plymouth Boot Screen.
[[0;32m  OK  [0m] Started LSB: daemon to balance interrupts for SMP systems.
         Starting Set console scheme...
[[0;32m  OK  [0m] Started Getty on tty1.
[[0;32m  OK  [0m] Started Serial Getty on ttyS0.
[[0;32m  OK  [0m] Reached target Login Prompts.
[[0;32m  OK  [0m] Started Set console scheme.
[[0;32m  OK  [0m] Started Virtualbox guest utils.
         Starting Authenticate and Authorize Users to Run Privileged Tasks...
[[0;32m  OK  [0m] Started Authenticate and Authorize Users to Run Privileged Tasks.
[[0;32m  OK  [0m] Started Accounts Service.
[[0;32m  OK  [0m] Started LXD - container startup/shutdown.
[[0;32m  OK  [0m] Started Pollinate to seed the pseudo random number generator.
         Starting OpenBSD Secure Shell server...
[[0;32m  OK  [0m] Started OpenBSD Secure Shell server.
[[0;32m  OK  [0m] Started Snappy daemon.
         Starting Wait until snapd is fully seeded...

Ubuntu 16.04.5 LTS ubuntu-xenial ttyS0

ubuntu-xenial login: [   42.070502] cloud-init[1328]: Generating locales (this might take a while)...
[   44.578913] cloud-init[1328]:   en_US.UTF-8... done
[   44.579822] cloud-init[1328]: Generation complete.
[   47.804294] cloud-init[1328]: Cloud-init v. 18.3-9-g2e62cb8a-0ubuntu1~16.04.2 running 'modules:config' at Wed, 08 Aug 2018 18:37:23 +0000. Up 40.95 seconds.
ci-info: no authorized ssh keys fingerprints found for user ubuntu.
<14>Aug  8 18:37:31 ec2: 
<14>Aug  8 18:37:31 ec2: #############################################################
<14>Aug  8 18:37:31 ec2: -----BEGIN SSH HOST KEY FINGERPRINTS-----
<14>Aug  8 18:37:31 ec2: 1024 SHA256:nCp5/Cb87RKgd0StPx0QVV05PrN+arLL5paWlSFD1Gg root@ubuntu-xenial (DSA)
<14>Aug  8 18:37:31 ec2: 256 SHA256:JJrizS90tk2w1RDnDEc4vUCFvPso2kT9p+PhM8AVO0w root@ubuntu-xenial (ECDSA)
<14>Aug  8 18:37:31 ec2: 256 SHA256:G+/y6k2bcOOOyMrA9b9uQTY99VTnHO6cIm5I4cDGUYc root@ubuntu-xenial (ED25519)
<14>Aug  8 18:37:31 ec2: 2048 SHA256:2Kl4lR4fLJmS8H5mWQIJnfqb86wWIwyO++uBueAQi+I root@ubuntu-xenial (RSA)
<14>Aug  8 18:37:31 ec2: -----END SSH HOST KEY FINGERPRINTS-----
<14>Aug  8 18:37:31 ec2: #############################################################
-----BEGIN SSH HOST KEY KEYS-----
ecdsa-sha2-nistp256 AAAAE2VjZHNhLXNoYTItbmlzdHAyNTYAAAAIbmlzdHAyNTYAAABBBKU3krRyvqt7Uu3l994f5wh4WyTnFn0pPgAA4ZzR/D9N5X/D7UJb4LzA0mUM7MmiD+MXhpG59Pkb2c8jC1wp20Y= root@ubuntu-xenial
ssh-ed25519 AAAAC3NzaC1lZDI1NTE5AAAAIAfLguJM8wyiVgtXVdB10KdMOvt/69tsqtJxF6t9FUKt root@ubuntu-xenial
ssh-rsa AAAAB3NzaC1yc2EAAAADAQABAAABAQCy3pxntrgcoj7ZODGe8HXNJYnh2tzHCro4wOBmkOedi6MtLUVqppoHdL9wXp6pS0OtC+R/yhvB8qdsjmtDhpbebQkGvtWSIpCwMVbjRn2+uLAmcTgnAez25N0aYqC1MFNuv40qfi2L/qLR0GOifDAoGIT03dh0lulWSvQ4x1i5KB7Pm5SmLht9uU+9PgNMHtshdReCqi2HOlyvFLkVJM9oQsRe4KlrZ82RPAQ8pGHA2Gt/+D382vm6d/9bJVQPI1x0rGu0Vd4F01p/8XHTVGAVJdS7hVV8ZZMjAYVpMJXRdUJysLpeK9yPwWiJFmlJiO3kol8R+LneeeNdl3n9awV5 root@ubuntu-xenial
-----END SSH HOST KEY KEYS-----
[   49.017019] cloud-init[1569]: Cloud-init v. 18.3-9-g2e62cb8a-0ubuntu1~16.04.2 running 'modules:final' at Wed, 08 Aug 2018 18:37:31 +0000. Up 48.47 seconds.
[   49.017696] cloud-init[1569]: ci-info: no authorized ssh keys fingerprints found for user ubuntu.
[   49.018214] cloud-init[1569]: Cloud-init v. 18.3-9-g2e62cb8a-0ubuntu1~16.04.2 finished at Wed, 08 Aug 2018 18:37:31 +0000. Datasource DataSourceNoCloud [seed=/dev/sdb][dsmode=net].  Up 48.99 seconds
